2013-09-27 08:08:53,000 [main] INFO  c.g.e.m.h.c.ui.Html5AppCoreUIPlugin - Pluging started
2013-09-27 08:08:57,546 [Worker-2] INFO  o.e.m.c.i.i.nexus.NexusIndexManager - Updating index for repository: central|http://repo.maven.apache.org/maven2
2013-09-27 08:08:57,921 [Worker-2] INFO  c.n.h.c.p.n.NettyAsyncHttpProvider - Number of application's worked threads is 8
2013-09-27 08:08:58,656 [Worker-2] ERROR o.e.m.c.i.i.nexus.NexusIndexManager - Unable to update index for central|http://repo.maven.apache.org/maven2
java.io.IOException: Remotely Closed [id: 0x00d97b2d, /192.168.1.65:1054 :> /192.168.211.3:80]
	at org.eclipse.m2e.core.internal.index.nexus.AsyncFetcher$PipedErrorInputStream.checkError(AsyncFetcher.java:251) ~[org.eclipse.m2e.core_1.4.0.me201310171809.jar:na]
	at org.eclipse.m2e.core.internal.index.nexus.AsyncFetcher$PipedErrorInputStream.read(AsyncFetcher.java:259) ~[org.eclipse.m2e.core_1.4.0.me201310171809.jar:na]
	at java.io.PipedInputStream.read(PipedInputStream.java:378) ~[na:1.7.0_45]
	at java.io.InputStream.read(InputStream.java:101) ~[na:1.7.0_45]
	at java.util.Properties$LineReader.readLine(Properties.java:434) ~[na:1.7.0_45]
	at java.util.Properties.load0(Properties.java:353) ~[na:1.7.0_45]
	at java.util.Properties.load(Properties.java:341) ~[na:1.7.0_45]
	at org.apache.maven.index.updater.DefaultIndexUpdater.downloadIndexProperties(DefaultIndexUpdater.java:457) ~[indexer-core-3.1.0.jar:3.1.0]
	at org.apache.maven.index.updater.DefaultIndexUpdater.access$100(DefaultIndexUpdater.java:75) ~[indexer-core-3.1.0.jar:3.1.0]
	at org.apache.maven.index.updater.DefaultIndexUpdater$IndexAdaptor.setProperties(DefaultIndexUpdater.java:607) ~[indexer-core-3.1.0.jar:3.1.0]
	at org.apache.maven.index.updater.DefaultIndexUpdater.fetchAndUpdateIndex(DefaultIndexUpdater.java:788) ~[indexer-core-3.1.0.jar:3.1.0]
	at org.apache.maven.index.updater.DefaultIndexUpdater.fetchAndUpdateIndex(DefaultIndexUpdater.java:135) ~[indexer-core-3.1.0.jar:3.1.0]
	at org.eclipse.m2e.core.internal.index.nexus.NexusIndexManager.updateRemoteIndex(NexusIndexManager.java:1237) [org.eclipse.m2e.core_1.4.0.me201310171809.jar:na]
	at org.eclipse.m2e.core.internal.index.nexus.NexusIndexManager.updateIndex(NexusIndexManager.java:1192) [org.eclipse.m2e.core_1.4.0.me201310171809.jar:na]
	at org.eclipse.m2e.core.internal.index.nexus.NexusIndexManager$1.run(NexusIndexManager.java:707) [org.eclipse.m2e.core_1.4.0.me201310171809.jar:na]
	at org.eclipse.m2e.core.internal.index.nexus.IndexUpdaterJob.run(IndexUpdaterJob.java:72) [org.eclipse.m2e.core_1.4.0.me201310171809.jar:na]
	at org.eclipse.core.internal.jobs.Worker.run(Worker.java:53) [org.eclipse.core.jobs_3.5.300.v20130429-1813.jar:na]
java.io.IOException: Remotely Closed [id: 0x00d97b2d, /192.168.1.65:1054 :> /192.168.211.3:80]
	at com.ning.http.client.providers.netty.NettyAsyncHttpProvider.channelClosed(NettyAsyncHttpProvider.java:1514) ~[na:na]
	at org.jboss.netty.channel.SimpleChannelUpstreamHandler.handleUpstream(SimpleChannelUpstreamHandler.java:98) ~[na:na]
	at org.jboss.netty.channel.DefaultChannelPipeline.sendUpstream(DefaultChannelPipeline.java:564) ~[na:na]
	at org.jboss.netty.channel.DefaultChannelPipeline$DefaultChannelHandlerContext.sendUpstream(DefaultChannelPipeline.java:783) ~[na:na]
	at org.jboss.netty.handler.stream.ChunkedWriteHandler.handleUpstream(ChunkedWriteHandler.java:149) ~[na:na]
	at org.jboss.netty.channel.DefaultChannelPipeline.sendUpstream(DefaultChannelPipeline.java:564) ~[na:na]
	at org.jboss.netty.channel.DefaultChannelPipeline$DefaultChannelHandlerContext.sendUpstream(DefaultChannelPipeline.java:783) ~[na:na]
	at org.jboss.netty.channel.SimpleChannelUpstreamHandler.channelClosed(SimpleChannelUpstreamHandler.java:208) ~[na:na]
	at org.jboss.netty.channel.SimpleChannelUpstreamHandler.handleUpstream(SimpleChannelUpstreamHandler.java:98) ~[na:na]
	at org.jboss.netty.channel.DefaultChannelPipeline.sendUpstream(DefaultChannelPipeline.java:564) ~[na:na]
	at org.jboss.netty.channel.DefaultChannelPipeline$DefaultChannelHandlerContext.sendUpstream(DefaultChannelPipeline.java:783) ~[na:na]
	at org.jboss.netty.handler.codec.replay.ReplayingDecoder.cleanup(ReplayingDecoder.java:554) ~[na:na]
	at org.jboss.netty.handler.codec.replay.ReplayingDecoder.channelClosed(ReplayingDecoder.java:455) ~[na:na]
	at org.jboss.netty.channel.SimpleChannelUpstreamHandler.handleUpstream(SimpleChannelUpstreamHandler.java:98) ~[na:na]
	at org.jboss.netty.handler.codec.http.HttpClientCodec.handleUpstream(HttpClientCodec.java:77) ~[na:na]
	at org.jboss.netty.channel.DefaultChannelPipeline.sendUpstream(DefaultChannelPipeline.java:564) ~[na:na]
	at org.jboss.netty.channel.DefaultChannelPipeline.sendUpstream(DefaultChannelPipeline.java:559) ~[na:na]
	at org.jboss.netty.channel.Channels.fireChannelClosed(Channels.java:404) ~[na:na]
	at org.jboss.netty.channel.socket.nio.NioWorker.close(NioWorker.java:600) ~[na:na]
	at org.jboss.netty.channel.socket.nio.NioWorker.read(NioWorker.java:356) ~[na:na]
	at org.jboss.netty.channel.socket.nio.NioWorker.processSelectedKeys(NioWorker.java:280) ~[na:na]
	at org.jboss.netty.channel.socket.nio.NioWorker.run(NioWorker.java:200) ~[na:na]
	at org.jboss.netty.util.ThreadRenamingRunnable.run(ThreadRenamingRunnable.java:108) ~[na:na]
	at org.jboss.netty.util.internal.DeadLockProofWorker$1.run(DeadLockProofWorker.java:44) ~[na:na]
	at java.util.concurrent.ThreadPoolExecutor.runWorker(ThreadPoolExecutor.java:1145) ~[na:1.7.0_45]
	at java.util.concurrent.ThreadPoolExecutor$Worker.run(ThreadPoolExecutor.java:615) ~[na:1.7.0_45]
	at java.lang.Thread.run(Thread.java:744) ~[na:1.7.0_45]
2013-09-27 08:09:09,062 [Worker-4] INFO  o.e.m.c.i.embedder.EclipseLogger - Installing C:\Documents and Settings\User\MyEclipse Professional 2014\configuration\org.eclipse.osgi\bundles\101\1\.cp\myeclipse-data\2.1\lib\core\jta.jar to C:\Documents and Settings\User\.m2\repository\javax\transaction\jta\1.0.1B\jta-1.0.1B.jar
2013-09-27 08:09:09,203 [Worker-4] INFO  o.e.m.c.i.embedder.EclipseLogger - Installing C:\DOCUME~1\User\LOCALS~1\Temp\mvninstall8648622961192409985.pom to C:\Documents and Settings\User\.m2\repository\javax\transaction\jta\1.0.1B\jta-1.0.1B.pom
2013-09-27 08:09:09,218 [Worker-4] INFO  c.n.h.c.p.n.NettyAsyncHttpProvider - Number of application's worked threads is 8
2013-09-27 08:09:09,437 [New I/O client worker #2-2] INFO  o.e.m.c.i.e.AbstractTransferListenerAdapter - Downloading http://repo.maven.apache.org/maven2/javassist/javassist/3.9.0/javassist-3.9.0.jar
2013-09-27 08:09:09,453 [New I/O client worker #2-2] INFO  o.e.m.c.i.e.AbstractTransferListenerAdapter - Downloaded http://repo.maven.apache.org/maven2/javassist/javassist/3.9.0/javassist-3.9.0.jar
2013-09-27 08:09:09,546 [Worker-4] INFO  c.n.h.c.p.n.NettyAsyncHttpProvider - Number of application's worked threads is 8
2013-09-27 08:09:09,734 [New I/O client worker #3-2] INFO  o.e.m.c.i.e.AbstractTransferListenerAdapter - Downloading http://repo.maven.apache.org/maven2/org/hibernate/hibernate/3.3.2/hibernate-3.3.2.jar
2013-09-27 08:09:09,750 [New I/O client worker #3-2] INFO  o.e.m.c.i.e.AbstractTransferListenerAdapter - Downloaded http://repo.maven.apache.org/maven2/org/hibernate/hibernate/3.3.2/hibernate-3.3.2.jar
2013-09-27 08:09:13,156 [Worker-4] INFO  c.n.h.c.p.n.NettyAsyncHttpProvider - Number of application's worked threads is 8
2013-09-27 08:09:13,187 [New I/O client worker #4-8] INFO  o.e.m.c.i.e.AbstractTransferListenerAdapter - Downloaded http://repo.maven.apache.org/maven2/org/eclipse/persistence/javax.persistence/2.0.1/javax.persistence-2.0.1.jar
2013-09-27 08:09:13,203 [Worker-4] INFO  o.e.m.c.i.embedder.EclipseLogger - Installing C:\Documents and Settings\User\MyEclipse Professional 2014\configuration\org.eclipse.osgi\bundles\103\1\.cp\data\eclipselink\2.1\javax.persistence_2.0.1.v201006031150.jar to C:\Documents and Settings\User\.m2\repository\org\eclipse\persistence\javax.persistence\2.0.1\javax.persistence-2.0.1.jar
2013-09-27 08:09:13,281 [Worker-4] INFO  o.e.m.c.i.embedder.EclipseLogger - Installing C:\DOCUME~1\User\LOCALS~1\Temp\mvninstall5979119781398743579.pom to C:\Documents and Settings\User\.m2\repository\org\eclipse\persistence\javax.persistence\2.0.1\javax.persistence-2.0.1.pom
2013-09-27 08:09:13,296 [Worker-4] INFO  c.n.h.c.p.n.NettyAsyncHttpProvider - Number of application's worked threads is 8
2013-09-27 08:09:13,359 [New I/O client worker #5-8] INFO  o.e.m.c.i.e.AbstractTransferListenerAdapter - Downloaded http://repo.maven.apache.org/maven2/org/eclipse/persistence/eclipselink/2.1/eclipselink-2.1.jar
2013-09-27 08:09:13,359 [Worker-4] INFO  o.e.m.c.i.embedder.EclipseLogger - Installing C:\Documents and Settings\User\MyEclipse Professional 2014\configuration\org.eclipse.osgi\bundles\103\1\.cp\data\eclipselink\2.1\eclipselink.jar to C:\Documents and Settings\User\.m2\repository\org\eclipse\persistence\eclipselink\2.1\eclipselink-2.1.jar
2013-09-27 08:09:13,781 [Worker-4] INFO  o.e.m.c.i.embedder.EclipseLogger - Installing C:\DOCUME~1\User\LOCALS~1\Temp\mvninstall5613767477012825604.pom to C:\Documents and Settings\User\.m2\repository\org\eclipse\persistence\eclipselink\2.1\eclipselink-2.1.pom
2013-09-27 08:09:13,796 [Worker-4] INFO  c.n.h.c.p.n.NettyAsyncHttpProvider - Number of application's worked threads is 8
2013-09-27 08:09:13,843 [New I/O client worker #6-8] INFO  o.e.m.c.i.e.AbstractTransferListenerAdapter - Downloaded http://repo.maven.apache.org/maven2/org/eclipse/persistence/eclipselink-jpa-modelgen/2.1/eclipselink-jpa-modelgen-2.1.jar
2013-09-27 08:09:13,859 [Worker-4] INFO  o.e.m.c.i.embedder.EclipseLogger - Installing C:\Documents and Settings\User\MyEclipse Professional 2014\configuration\org.eclipse.osgi\bundles\103\1\.cp\data\eclipselink\2.1\eclipselink-jpa-modelgen_2.1.1.v20100817-r8050.jar to C:\Documents and Settings\User\.m2\repository\org\eclipse\persistence\eclipselink-jpa-modelgen\2.1\eclipselink-jpa-modelgen-2.1.jar
2013-09-27 08:09:13,921 [Worker-4] INFO  o.e.m.c.i.embedder.EclipseLogger - Installing C:\DOCUME~1\User\LOCALS~1\Temp\mvninstall8100090894384625091.pom to C:\Documents and Settings\User\.m2\repository\org\eclipse\persistence\eclipselink-jpa-modelgen\2.1\eclipselink-jpa-modelgen-2.1.pom
2013-09-27 08:09:13,921 [Worker-4] INFO  c.n.h.c.p.n.NettyAsyncHttpProvider - Number of application's worked threads is 8
2013-09-27 08:09:13,968 [New I/O client worker #7-8] INFO  o.e.m.c.i.e.AbstractTransferListenerAdapter - Downloaded http://repo.maven.apache.org/maven2/org/eclipse/persistence/eclipselink-jpa-modelgen/2.5.1/eclipselink-jpa-modelgen-2.5.1.jar
2013-09-27 08:09:13,984 [Worker-4] INFO  o.e.m.c.i.embedder.EclipseLogger - Installing C:\Documents and Settings\User\MyEclipse Professional 2014\configuration\org.eclipse.osgi\bundles\103\1\.cp\data\eclipselink\2.5\org.eclipse.persistence.jpa.modelgen_2.5.1.v20130918-f2b9fc5.jar to C:\Documents and Settings\User\.m2\repository\org\eclipse\persistence\eclipselink-jpa-modelgen\2.5.1\eclipselink-jpa-modelgen-2.5.1.jar
2013-09-27 08:09:14,015 [Worker-4] INFO  o.e.m.c.i.embedder.EclipseLogger - Installing C:\DOCUME~1\User\LOCALS~1\Temp\mvninstall7496709863692321303.pom to C:\Documents and Settings\User\.m2\repository\org\eclipse\persistence\eclipselink-jpa-modelgen\2.5.1\eclipselink-jpa-modelgen-2.5.1.pom
2013-09-27 08:09:14,015 [Worker-4] INFO  c.n.h.c.p.n.NettyAsyncHttpProvider - Number of application's worked threads is 8
2013-09-27 08:09:14,062 [New I/O client worker #8-8] INFO  o.e.m.c.i.e.AbstractTransferListenerAdapter - Downloaded http://repo.maven.apache.org/maven2/jexcelapi/jxl/2.6.9/jxl-2.6.9.jar
2013-09-27 08:09:14,093 [Worker-4] INFO  o.e.m.c.i.embedder.EclipseLogger - Installing C:\Documents and Settings\User\MyEclipse Professional 2014\configuration\org.eclipse.osgi\bundles\104\1\.cp\data\2.5\lib\jexcelapi\jxl.jar to C:\Documents and Settings\User\.m2\repository\jexcelapi\jxl\2.6.9\jxl-2.6.9.jar
2013-09-27 08:09:14,390 [Worker-4] INFO  o.e.m.c.i.embedder.EclipseLogger - Installing C:\DOCUME~1\User\LOCALS~1\Temp\mvninstall1713764149886904226.pom to C:\Documents and Settings\User\.m2\repository\jexcelapi\jxl\2.6.9\jxl-2.6.9.pom
2013-09-27 08:09:14,390 [Worker-4] INFO  c.n.h.c.p.n.NettyAsyncHttpProvider - Number of application's worked threads is 8
2013-09-27 08:09:15,437 [New I/O client worker #9-8] INFO  o.e.m.c.i.e.AbstractTransferListenerAdapter - Downloaded http://repo.maven.apache.org/maven2/com/jamonapi/jamon/2.7/jamon-2.7.jar
2013-09-27 08:09:15,437 [Worker-4] INFO  o.e.m.c.i.embedder.EclipseLogger - Installing C:\Documents and Settings\User\MyEclipse Professional 2014\configuration\org.eclipse.osgi\bundles\104\1\.cp\data\2.5\lib\jamon\jamon-2.7.jar to C:\Documents and Settings\User\.m2\repository\com\jamonapi\jamon\2.7\jamon-2.7.jar
2013-09-27 08:09:15,515 [Worker-4] INFO  o.e.m.c.i.embedder.EclipseLogger - Installing C:\DOCUME~1\User\LOCALS~1\Temp\mvninstall2971846819123728416.pom to C:\Documents and Settings\User\.m2\repository\com\jamonapi\jamon\2.7\jamon-2.7.pom
2013-09-27 08:09:15,515 [Worker-4] INFO  c.n.h.c.p.n.NettyAsyncHttpProvider - Number of application's worked threads is 8
2013-09-27 08:09:15,546 [New I/O client worker #10-8] INFO  o.e.m.c.i.e.AbstractTransferListenerAdapter - Downloaded http://repo.maven.apache.org/maven2/org/ow2/easybeans/quartz/1.6.1/quartz-1.6.1.jar
2013-09-27 08:09:15,546 [Worker-4] INFO  o.e.m.c.i.embedder.EclipseLogger - Installing C:\Documents and Settings\User\MyEclipse Professional 2014\configuration\org.eclipse.osgi\bundles\104\1\.cp\data\2.5\lib\quartz\quartz-all-1.6.1.jar to C:\Documents and Settings\User\.m2\repository\org\ow2\easybeans\quartz\1.6.1\quartz-1.6.1.jar
2013-09-27 08:09:15,609 [Worker-4] INFO  o.e.m.c.i.embedder.EclipseLogger - Installing C:\DOCUME~1\User\LOCALS~1\Temp\mvninstall6708122212859856345.pom to C:\Documents and Settings\User\.m2\repository\org\ow2\easybeans\quartz\1.6.1\quartz-1.6.1.pom
2013-09-27 08:09:15,609 [Worker-4] INFO  c.n.h.c.p.n.NettyAsyncHttpProvider - Number of application's worked threads is 8
2013-09-27 08:09:15,640 [New I/O client worker #11-8] INFO  o.e.m.c.i.e.AbstractTransferListenerAdapter - Downloaded http://repo.maven.apache.org/maven2/org/springframework/javaconfig/spring-javaconfig/1.0.0.m4/spring-javaconfig-1.0.0.m4.jar
2013-09-27 08:09:15,656 [Worker-4] INFO  o.e.m.c.i.embedder.EclipseLogger - Installing C:\Documents and Settings\User\MyEclipse Professional 2014\configuration\org.eclipse.osgi\bundles\104\1\.cp\data\javaconfig\org.springframework.config.java-1.0.0.M4.jar to C:\Documents and Settings\User\.m2\repository\org\springframework\javaconfig\spring-javaconfig\1.0.0.m4\spring-javaconfig-1.0.0.m4.jar
2013-09-27 08:09:15,703 [Worker-4] INFO  o.e.m.c.i.embedder.EclipseLogger - Installing C:\DOCUME~1\User\LOCALS~1\Temp\mvninstall1012229846986621124.pom to C:\Documents and Settings\User\.m2\repository\org\springframework\javaconfig\spring-javaconfig\1.0.0.m4\spring-javaconfig-1.0.0.m4.pom
2013-09-27 08:09:15,703 [Worker-4] INFO  c.n.h.c.p.n.NettyAsyncHttpProvider - Number of application's worked threads is 8
2013-09-27 08:09:15,734 [New I/O client worker #12-8] INFO  o.e.m.c.i.e.AbstractTransferListenerAdapter - Downloaded http://repo.maven.apache.org/maven2/com/sun/jmx/jmxri/1.2.1/jmxri-1.2.1.jar
2013-09-27 08:09:15,750 [Worker-4] INFO  o.e.m.c.i.embedder.EclipseLogger - Installing C:\Documents and Settings\User\MyEclipse Professional 2014\configuration\org.eclipse.osgi\bundles\104\1\.cp\data\1.2\lib\dependencies\jmx\jmxri.jar to C:\Documents and Settings\User\.m2\repository\com\sun\jmx\jmxri\1.2.1\jmxri-1.2.1.jar
2013-09-27 08:09:15,843 [Worker-4] INFO  o.e.m.c.i.embedder.EclipseLogger - Installing C:\DOCUME~1\User\LOCALS~1\Temp\mvninstall3324590821938485446.pom to C:\Documents and Settings\User\.m2\repository\com\sun\jmx\jmxri\1.2.1\jmxri-1.2.1.pom
2013-09-27 08:09:15,843 [Worker-4] INFO  c.n.h.c.p.n.NettyAsyncHttpProvider - Number of application's worked threads is 8
2013-09-27 08:09:15,875 [New I/O client worker #13-8] INFO  o.e.m.c.i.e.AbstractTransferListenerAdapter - Downloaded http://repo.maven.apache.org/maven2/javax/management/jmxremote/1.0.1_04/jmxremote-1.0.1_04.jar
2013-09-27 08:09:15,875 [Worker-4] INFO  o.e.m.c.i.embedder.EclipseLogger - Installing C:\Documents and Settings\User\MyEclipse Professional 2014\configuration\org.eclipse.osgi\bundles\104\1\.cp\data\1.2\lib\dependencies\jmx\jmxremote.jar to C:\Documents and Settings\User\.m2\repository\javax\management\jmxremote\1.0.1_04\jmxremote-1.0.1_04.jar
2013-09-27 08:09:15,953 [Worker-4] INFO  o.e.m.c.i.embedder.EclipseLogger - Installing C:\DOCUME~1\User\LOCALS~1\Temp\mvninstall7452876242593483670.pom to C:\Documents and Settings\User\.m2\repository\javax\management\jmxremote\1.0.1_04\jmxremote-1.0.1_04.pom
2013-09-27 08:09:15,953 [Worker-4] INFO  c.n.h.c.p.n.NettyAsyncHttpProvider - Number of application's worked threads is 8
2013-09-27 08:09:15,984 [New I/O client worker #14-8] INFO  o.e.m.c.i.e.AbstractTransferListenerAdapter - Downloaded http://repo.maven.apache.org/maven2/javax/management/jmxremote_optional/1.0.1_04/jmxremote_optional-1.0.1_04.jar
2013-09-27 08:09:15,984 [Worker-4] INFO  o.e.m.c.i.embedder.EclipseLogger - Installing C:\Documents and Settings\User\MyEclipse Professional 2014\configuration\org.eclipse.osgi\bundles\104\1\.cp\data\1.2\lib\dependencies\jmx\jmxremote_optional.jar to C:\Documents and Settings\User\.m2\repository\javax\management\jmxremote_optional\1.0.1_04\jmxremote_optional-1.0.1_04.jar
2013-09-27 08:09:16,031 [Worker-4] INFO  o.e.m.c.i.embedder.EclipseLogger - Installing C:\DOCUME~1\User\LOCALS~1\Temp\mvninstall2077631798401362955.pom to C:\Documents and Settings\User\.m2\repository\javax\management\jmxremote_optional\1.0.1_04\jmxremote_optional-1.0.1_04.pom
2013-09-27 08:09:16,046 [Worker-4] INFO  c.n.h.c.p.n.NettyAsyncHttpProvider - Number of application's worked threads is 8
2013-09-27 08:09:16,078 [New I/O client worker #15-8] INFO  o.e.m.c.i.e.AbstractTransferListenerAdapter - Downloaded http://repo.maven.apache.org/maven2/javax/management/jmxri/1.2.1/jmxri-1.2.1.jar
2013-09-27 08:09:16,078 [Worker-4] INFO  o.e.m.c.i.embedder.EclipseLogger - Installing C:\Documents and Settings\User\MyEclipse Professional 2014\configuration\org.eclipse.osgi\bundles\104\1\.cp\data\1.2\lib\dependencies\jmx\jmxri.jar to C:\Documents and Settings\User\.m2\repository\javax\management\jmxri\1.2.1\jmxri-1.2.1.jar
2013-09-27 08:09:16,390 [Worker-4] INFO  o.e.m.c.i.embedder.EclipseLogger - Installing C:\DOCUME~1\User\LOCALS~1\Temp\mvninstall6732529889009875878.pom to C:\Documents and Settings\User\.m2\repository\javax\management\jmxri\1.2.1\jmxri-1.2.1.pom
2013-09-27 08:09:16,390 [Worker-4] INFO  c.n.h.c.p.n.NettyAsyncHttpProvider - Number of application's worked threads is 8
2013-09-27 08:09:16,578 [New I/O client worker #16-8] INFO  o.e.m.c.i.e.AbstractTransferListenerAdapter - Downloaded http://repo.maven.apache.org/maven2/jdo/jdo/1.0.1/jdo-1.0.1.jar
2013-09-27 08:09:16,609 [Worker-4] INFO  o.e.m.c.i.embedder.EclipseLogger - Installing C:\Documents and Settings\User\MyEclipse Professional 2014\configuration\org.eclipse.osgi\bundles\104\1\.cp\data\1.2\lib\dependencies\jdo\jdo2.jar to C:\Documents and Settings\User\.m2\repository\jdo\jdo\1.0.1\jdo-1.0.1.jar
2013-09-27 08:09:16,968 [Worker-4] INFO  o.e.m.c.i.embedder.EclipseLogger - Installing C:\DOCUME~1\User\LOCALS~1\Temp\mvninstall7510006874635127651.pom to C:\Documents and Settings\User\.m2\repository\jdo\jdo\1.0.1\jdo-1.0.1.pom
2013-09-27 08:09:16,968 [Worker-4] INFO  c.n.h.c.p.n.NettyAsyncHttpProvider - Number of application's worked threads is 8
2013-09-27 08:09:17,000 [New I/O client worker #17-8] INFO  o.e.m.c.i.e.AbstractTransferListenerAdapter - Downloaded http://repo.maven.apache.org/maven2/com/bea/wlplatform/commonj-twm/1.1/commonj-twm-1.1.jar
2013-09-27 08:09:17,000 [Worker-4] INFO  o.e.m.c.i.embedder.EclipseLogger - Installing C:\Documents and Settings\User\MyEclipse Professional 2014\configuration\org.eclipse.osgi\bundles\104\1\.cp\data\2.0\lib\commonj\commonj-twm.jar to C:\Documents and Settings\User\.m2\repository\com\bea\wlplatform\commonj-twm\1.1\commonj-twm-1.1.jar
2013-09-27 08:09:17,031 [Worker-4] INFO  o.e.m.c.i.embedder.EclipseLogger - Installing C:\DOCUME~1\User\LOCALS~1\Temp\mvninstall5430691077013955804.pom to C:\Documents and Settings\User\.m2\repository\com\bea\wlplatform\commonj-twm\1.1\commonj-twm-1.1.pom
2013-09-27 08:09:17,031 [Worker-4] INFO  c.n.h.c.p.n.NettyAsyncHttpProvider - Number of application's worked threads is 8
2013-09-27 08:09:17,062 [New I/O client worker #18-8] INFO  o.e.m.c.i.e.AbstractTransferListenerAdapter - Downloaded http://repo.maven.apache.org/maven2/com/oracle/toplink/toplink/10.1.3/toplink-10.1.3.jar
2013-09-27 08:09:17,171 [Worker-4] INFO  o.e.m.c.i.embedder.EclipseLogger - Installing C:\Documents and Settings\User\MyEclipse Professional 2014\configuration\org.eclipse.osgi\bundles\104\1\.cp\data\2.0\lib\toplink\toplink-api.jar to C:\Documents and Settings\User\.m2\repository\com\oracle\toplink\toplink\10.1.3\toplink-10.1.3.jar
2013-09-27 08:09:17,296 [Worker-4] INFO  o.e.m.c.i.embedder.EclipseLogger - Installing C:\DOCUME~1\User\LOCALS~1\Temp\mvninstall4685698954863493027.pom to C:\Documents and Settings\User\.m2\repository\com\oracle\toplink\toplink\10.1.3\toplink-10.1.3.pom
2013-09-27 08:09:17,312 [Worker-4] INFO  c.n.h.c.p.n.NettyAsyncHttpProvider - Number of application's worked threads is 8
2013-09-27 08:09:17,328 [New I/O client worker #19-8] INFO  o.e.m.c.i.e.AbstractTransferListenerAdapter - Downloaded http://repo.maven.apache.org/maven2/org/codehaus/groovy/1.0/groovy-1.0.jar
2013-09-27 08:09:17,343 [Worker-4] INFO  o.e.m.c.i.embedder.EclipseLogger - Installing C:\Documents and Settings\User\MyEclipse Professional 2014\configuration\org.eclipse.osgi\bundles\104\1\.cp\data\2.0\lib\groovy\groovy-1.0.jar to C:\Documents and Settings\User\.m2\repository\org\codehaus\groovy\1.0\groovy-1.0.jar
2013-09-27 08:09:17,406 [Worker-4] INFO  o.e.m.c.i.embedder.EclipseLogger - Installing C:\DOCUME~1\User\LOCALS~1\Temp\mvninstall7976040283704904530.pom to C:\Documents and Settings\User\.m2\repository\org\codehaus\groovy\1.0\groovy-1.0.pom
2013-09-27 08:09:17,406 [Worker-4] INFO  c.n.h.c.p.n.NettyAsyncHttpProvider - Number of application's worked threads is 8
2013-09-27 08:09:17,437 [New I/O client worker #20-8] INFO  o.e.m.c.i.e.AbstractTransferListenerAdapter - Downloaded http://repo.maven.apache.org/maven2/org/springframework/security/org.springframework.security.core/3.0.5.RELEASE/org.springframework.security.core-3.0.5.RELEASE.jar
2013-09-27 08:09:17,453 [Worker-4] INFO  o.e.m.c.i.embedder.EclipseLogger - Installing C:\Documents and Settings\User\MyEclipse Professional 2014\configuration\org.eclipse.osgi\bundles\105\1\.cp\data\security-3.0\spring-security-core-3.0.5.RELEASE.jar to C:\Documents and Settings\User\.m2\repository\org\springframework\security\org.springframework.security.core\3.0.5.RELEASE\org.springframework.security.core-3.0.5.RELEASE.jar
2013-09-27 08:09:17,484 [Worker-4] INFO  o.e.m.c.i.embedder.EclipseLogger - Installing C:\DOCUME~1\User\LOCALS~1\Temp\mvninstall4199943892751682106.pom to C:\Documents and Settings\User\.m2\repository\org\springframework\security\org.springframework.security.core\3.0.5.RELEASE\org.springframework.security.core-3.0.5.RELEASE.pom
2013-09-27 08:09:17,484 [Worker-4] INFO  c.n.h.c.p.n.NettyAsyncHttpProvider - Number of application's worked threads is 8
2013-09-27 08:09:17,515 [New I/O client worker #21-8] INFO  o.e.m.c.i.e.AbstractTransferListenerAdapter - Downloaded http://repo.maven.apache.org/maven2/org/springframework/security/org.springframework.security.web/3.0.5.RELEASE/org.springframework.security.web-3.0.5.RELEASE.jar
2013-09-27 08:09:17,531 [Worker-4] INFO  o.e.m.c.i.embedder.EclipseLogger - Installing C:\Documents and Settings\User\MyEclipse Professional 2014\configuration\org.eclipse.osgi\bundles\105\1\.cp\data\security-3.0\spring-security-web-3.0.5.RELEASE.jar to C:\Documents and Settings\User\.m2\repository\org\springframework\security\org.springframework.security.web\3.0.5.RELEASE\org.springframework.security.web-3.0.5.RELEASE.jar
2013-09-27 08:09:17,578 [Worker-4] INFO  o.e.m.c.i.embedder.EclipseLogger - Installing C:\DOCUME~1\User\LOCALS~1\Temp\mvninstall563362763720507644.pom to C:\Documents and Settings\User\.m2\repository\org\springframework\security\org.springframework.security.web\3.0.5.RELEASE\org.springframework.security.web-3.0.5.RELEASE.pom
2013-09-27 08:09:17,578 [Worker-4] INFO  c.n.h.c.p.n.NettyAsyncHttpProvider - Number of application's worked threads is 8
2013-09-27 08:09:17,640 [New I/O client worker #22-8] INFO  o.e.m.c.i.e.AbstractTransferListenerAdapter - Downloaded http://repo.maven.apache.org/maven2/org/springframework/security/org.springframework.security.config/3.0.5.RELEASE/org.springframework.security.config-3.0.5.RELEASE.jar
2013-09-27 08:09:17,687 [Worker-4] INFO  o.e.m.c.i.embedder.EclipseLogger - Installing C:\Documents and Settings\User\MyEclipse Professional 2014\configuration\org.eclipse.osgi\bundles\105\1\.cp\data\security-3.0\spring-security-config-3.0.5.RELEASE.jar to C:\Documents and Settings\User\.m2\repository\org\springframework\security\org.springframework.security.config\3.0.5.RELEASE\org.springframework.security.config-3.0.5.RELEASE.jar
2013-09-27 08:09:17,703 [Worker-4] INFO  o.e.m.c.i.embedder.EclipseLogger - Installing C:\DOCUME~1\User\LOCALS~1\Temp\mvninstall7656845597491808248.pom to C:\Documents and Settings\User\.m2\repository\org\springframework\security\org.springframework.security.config\3.0.5.RELEASE\org.springframework.security.config-3.0.5.RELEASE.pom
2013-09-27 08:09:17,718 [Worker-4] INFO  c.n.h.c.p.n.NettyAsyncHttpProvider - Number of application's worked threads is 8
2013-09-27 08:09:17,750 [New I/O client worker #23-8] INFO  o.e.m.c.i.e.AbstractTransferListenerAdapter - Downloaded http://repo.maven.apache.org/maven2/org/springframework/security/org.springframework.security.ldap/3.0.5.RELEASE/org.springframework.security.ldap-3.0.5.RELEASE.jar
2013-09-27 08:09:17,781 [Worker-4] INFO  o.e.m.c.i.embedder.EclipseLogger - Installing C:\Documents and Settings\User\MyEclipse Professional 2014\configuration\org.eclipse.osgi\bundles\105\1\.cp\data\security-3.0\spring-security-ldap-3.0.5.RELEASE.jar to C:\Documents and Settings\User\.m2\repository\org\springframework\security\org.springframework.security.ldap\3.0.5.RELEASE\org.springframework.security.ldap-3.0.5.RELEASE.jar
2013-09-27 08:09:17,796 [Worker-4] INFO  o.e.m.c.i.embedder.EclipseLogger - Installing C:\DOCUME~1\User\LOCALS~1\Temp\mvninstall7056474061504620727.pom to C:\Documents and Settings\User\.m2\repository\org\springframework\security\org.springframework.security.ldap\3.0.5.RELEASE\org.springframework.security.ldap-3.0.5.RELEASE.pom
2013-09-27 08:09:17,812 [Worker-4] INFO  c.n.h.c.p.n.NettyAsyncHttpProvider - Number of application's worked threads is 8
2013-09-27 08:09:17,828 [New I/O client worker #24-8] INFO  o.e.m.c.i.e.AbstractTransferListenerAdapter - Downloaded http://repo.maven.apache.org/maven2/org/springframework/security/org.springframework.security.taglibs/3.0.5.RELEASE/org.springframework.security.taglibs-3.0.5.RELEASE.jar
2013-09-27 08:09:17,828 [Worker-4] INFO  o.e.m.c.i.embedder.EclipseLogger - Installing C:\Documents and Settings\User\MyEclipse Professional 2014\configuration\org.eclipse.osgi\bundles\105\1\.cp\data\security-3.0\spring-security-taglibs-3.0.5.RELEASE.jar to C:\Documents and Settings\User\.m2\repository\org\springframework\security\org.springframework.security.taglibs\3.0.5.RELEASE\org.springframework.security.taglibs-3.0.5.RELEASE.jar
2013-09-27 08:09:17,859 [Worker-4] INFO  o.e.m.c.i.embedder.EclipseLogger - Installing C:\DOCUME~1\User\LOCALS~1\Temp\mvninstall3396088900979874898.pom to C:\Documents and Settings\User\.m2\repository\org\springframework\security\org.springframework.security.taglibs\3.0.5.RELEASE\org.springframework.security.taglibs-3.0.5.RELEASE.pom
2013-09-27 08:09:17,859 [Worker-4] INFO  c.n.h.c.p.n.NettyAsyncHttpProvider - Number of application's worked threads is 8
2013-09-27 08:09:17,875 [New I/O client worker #25-8] INFO  o.e.m.c.i.e.AbstractTransferListenerAdapter - Downloaded http://repo.maven.apache.org/maven2/com/bea/commonj/com.springsource.commonj/1.1.0/com.springsource.commonj-1.1.0.jar
2013-09-27 08:09:17,890 [Worker-4] INFO  o.e.m.c.i.embedder.EclipseLogger - Installing C:\Documents and Settings\User\MyEclipse Professional 2014\configuration\org.eclipse.osgi\bundles\105\1\.cp\data\3.0\lib\misc\com.springsource.commonj-1.1.0.jar to C:\Documents and Settings\User\.m2\repository\com\bea\commonj\com.springsource.commonj\1.1.0\com.springsource.commonj-1.1.0.jar
2013-09-27 08:09:17,906 [Worker-4] INFO  o.e.m.c.i.embedder.EclipseLogger - Installing C:\DOCUME~1\User\LOCALS~1\Temp\mvninstall4115169536365349592.pom to C:\Documents and Settings\User\.m2\repository\com\bea\commonj\com.springsource.commonj\1.1.0\com.springsource.commonj-1.1.0.pom
2013-09-27 08:09:17,906 [Worker-4] INFO  c.n.h.c.p.n.NettyAsyncHttpProvider - Number of application's worked threads is 8
2013-09-27 08:09:17,937 [New I/O client worker #26-8] INFO  o.e.m.c.i.e.AbstractTransferListenerAdapter - Downloaded http://repo.maven.apache.org/maven2/com/opensymphony/quartz/com.springsource.org.quartz/1.6.2/com.springsource.org.quartz-1.6.2.jar
2013-09-27 08:09:17,937 [Worker-4] INFO  o.e.m.c.i.embedder.EclipseLogger - Installing C:\Documents and Settings\User\MyEclipse Professional 2014\configuration\org.eclipse.osgi\bundles\105\1\.cp\data\3.0\lib\misc\com.springsource.org.quartz-1.6.2.jar to C:\Documents and Settings\User\.m2\repository\com\opensymphony\quartz\com.springsource.org.quartz\1.6.2\com.springsource.org.quartz-1.6.2.jar
2013-09-27 08:09:17,968 [Worker-4] INFO  o.e.m.c.i.embedder.EclipseLogger - Installing C:\DOCUME~1\User\LOCALS~1\Temp\mvninstall3240559112978466246.pom to C:\Documents and Settings\User\.m2\repository\com\opensymphony\quartz\com.springsource.org.quartz\1.6.2\com.springsource.org.quartz-1.6.2.pom
2013-09-27 08:09:17,984 [Worker-4] INFO  c.n.h.c.p.n.NettyAsyncHttpProvider - Number of application's worked threads is 8
2013-09-27 08:09:18,000 [New I/O client worker #27-8] INFO  o.e.m.c.i.e.AbstractTransferListenerAdapter - Downloaded http://repo.maven.apache.org/maven2/javax/jdo/jdo2-api/2.1.0/jdo2-api-2.1.0.jar
2013-09-27 08:09:18,000 [Worker-4] INFO  o.e.m.c.i.embedder.EclipseLogger - Installing C:\Documents and Settings\User\MyEclipse Professional 2014\configuration\org.eclipse.osgi\bundles\105\1\.cp\data\3.0\lib\persistJDO\com.springsource.javax.jdo-2.1.0.jar to C:\Documents and Settings\User\.m2\repository\javax\jdo\jdo2-api\2.1.0\jdo2-api-2.1.0.jar
2013-09-27 08:09:18,031 [Worker-4] INFO  o.e.m.c.i.embedder.EclipseLogger - Installing C:\DOCUME~1\User\LOCALS~1\Temp\mvninstall3996893306535232830.pom to C:\Documents and Settings\User\.m2\repository\javax\jdo\jdo2-api\2.1.0\jdo2-api-2.1.0.pom
2013-09-27 08:09:18,046 [Worker-4] INFO  c.n.h.c.p.n.NettyAsyncHttpProvider - Number of application's worked threads is 8
2013-09-27 08:09:18,062 [New I/O client worker #28-8] INFO  o.e.m.c.i.e.AbstractTransferListenerAdapter - Downloaded http://repo.maven.apache.org/maven2/com/caucho/com.springsource.com.caucho/3.2.1/com.springsource.com.caucho-3.2.1.jar
2013-09-27 08:09:18,078 [Worker-4] INFO  o.e.m.c.i.embedder.EclipseLogger - Installing C:\Documents and Settings\User\MyEclipse Professional 2014\configuration\org.eclipse.osgi\bundles\105\1\.cp\data\3.0\lib\remoting\com.springsource.com.caucho-3.2.1.jar to C:\Documents and Settings\User\.m2\repository\com\caucho\com.springsource.com.caucho\3.2.1\com.springsource.com.caucho-3.2.1.jar
2013-09-27 08:09:18,609 [Worker-4] INFO  o.e.m.c.i.embedder.EclipseLogger - Installing C:\DOCUME~1\User\LOCALS~1\Temp\mvninstall8862337929448709723.pom to C:\Documents and Settings\User\.m2\repository\com\caucho\com.springsource.com.caucho\3.2.1\com.springsource.com.caucho-3.2.1.pom
2013-09-27 08:09:18,609 [Worker-4] INFO  c.n.h.c.p.n.NettyAsyncHttpProvider - Number of application's worked threads is 8
2013-09-27 08:09:18,656 [New I/O client worker #29-8] INFO  o.e.m.c.i.e.AbstractTransferListenerAdapter - Downloaded http://repo.maven.apache.org/maven2/org/codehaus/jackson/com.springsource.org.codehaus.jackson.mapper/1.0.0/com.springsource.org.codehaus.jackson.mapper-1.0.0.jar
2013-09-27 08:09:18,703 [Worker-4] INFO  o.e.m.c.i.embedder.EclipseLogger - Installing C:\Documents and Settings\User\MyEclipse Professional 2014\configuration\org.eclipse.osgi\bundles\105\1\.cp\data\3.0\lib\web\com.springsource.org.codehaus.jackson.mapper-1.0.0.jar to C:\Documents and Settings\User\.m2\repository\org\codehaus\jackson\com.springsource.org.codehaus.jackson.mapper\1.0.0\com.springsource.org.codehaus.jackson.mapper-1.0.0.jar
2013-09-27 08:09:18,875 [Worker-4] INFO  o.e.m.c.i.embedder.EclipseLogger - Installing C:\DOCUME~1\User\LOCALS~1\Temp\mvninstall4321362170264252678.pom to C:\Documents and Settings\User\.m2\repository\org\codehaus\jackson\com.springsource.org.codehaus.jackson.mapper\1.0.0\com.springsource.org.codehaus.jackson.mapper-1.0.0.pom
2013-09-27 08:09:18,875 [Worker-4] INFO  c.n.h.c.p.n.NettyAsyncHttpProvider - Number of application's worked threads is 8
2013-09-27 08:09:18,906 [New I/O client worker #30-8] INFO  o.e.m.c.i.e.AbstractTransferListenerAdapter - Downloaded http://repo.maven.apache.org/maven2/org/junit/com.springsource.org.junit/4.7.0/com.springsource.org.junit-4.7.0.jar
2013-09-27 08:09:18,906 [Worker-4] INFO  o.e.m.c.i.embedder.EclipseLogger - Installing C:\Documents and Settings\User\MyEclipse Professional 2014\configuration\org.eclipse.osgi\bundles\105\1\.cp\data\3.0\lib\test\com.springsource.org.junit-4.7.0.jar to C:\Documents and Settings\User\.m2\repository\org\junit\com.springsource.org.junit\4.7.0\com.springsource.org.junit-4.7.0.jar
2013-09-27 08:09:18,984 [Worker-4] INFO  o.e.m.c.i.embedder.EclipseLogger - Installing C:\DOCUME~1\User\LOCALS~1\Temp\mvninstall5723114435298930972.pom to C:\Documents and Settings\User\.m2\repository\org\junit\com.springsource.org.junit\4.7.0\com.springsource.org.junit-4.7.0.pom
2013-09-27 08:09:18,984 [Worker-4] INFO  c.n.h.c.p.n.NettyAsyncHttpProvider - Number of application's worked threads is 8
2013-09-27 08:09:19,000 [New I/O client worker #31-8] INFO  o.e.m.c.i.e.AbstractTransferListenerAdapter - Downloaded http://repo.maven.apache.org/maven2/javax/inject/com.springsource.javax.inject/1.0.0/com.springsource.javax.inject-1.0.0.jar
2013-09-27 08:09:19,015 [Worker-4] INFO  o.e.m.c.i.embedder.EclipseLogger - Installing C:\Documents and Settings\User\MyEclipse Professional 2014\configuration\org.eclipse.osgi\bundles\105\1\.cp\data\3.0\lib\test\com.springsource.javax.inject-1.0.0.jar to C:\Documents and Settings\User\.m2\repository\javax\inject\com.springsource.javax.inject\1.0.0\com.springsource.javax.inject-1.0.0.jar
2013-09-27 08:09:19,031 [Worker-4] INFO  o.e.m.c.i.embedder.EclipseLogger - Installing C:\DOCUME~1\User\LOCALS~1\Temp\mvninstall7367858997710815535.pom to C:\Documents and Settings\User\.m2\repository\javax\inject\com.springsource.javax.inject\1.0.0\com.springsource.javax.inject-1.0.0.pom
2013-09-27 08:09:19,046 [Worker-4] INFO  c.n.h.c.p.n.NettyAsyncHttpProvider - Number of application's worked threads is 8
2013-09-27 08:09:19,078 [New I/O client worker #32-8] INFO  o.e.m.c.i.e.AbstractTransferListenerAdapter - Downloaded http://repo.maven.apache.org/maven2/org/apache/commons/com.springsource.org.apache.commons.lang/2.4.0/com.springsource.org.apache.commons.lang-2.4.0.jar
2013-09-27 08:09:19,078 [Worker-4] INFO  o.e.m.c.i.embedder.EclipseLogger - Installing C:\Documents and Settings\User\MyEclipse Professional 2014\configuration\org.eclipse.osgi\bundles\105\1\.cp\data\3.0\lib\persistJdbc\com.springsource.org.apache.commons.lang-2.4.0.jar to C:\Documents and Settings\User\.m2\repository\org\apache\commons\com.springsource.org.apache.commons.lang\2.4.0\com.springsource.org.apache.commons.lang-2.4.0.jar
2013-09-27 08:09:19,421 [Worker-4] INFO  o.e.m.c.i.embedder.EclipseLogger - Installing C:\DOCUME~1\User\LOCALS~1\Temp\mvninstall6126781427118501189.pom to C:\Documents and Settings\User\.m2\repository\org\apache\commons\com.springsource.org.apache.commons.lang\2.4.0\com.springsource.org.apache.commons.lang-2.4.0.pom
2013-09-27 08:09:19,421 [Worker-4] INFO  c.n.h.c.p.n.NettyAsyncHttpProvider - Number of application's worked threads is 8
2013-09-27 08:09:19,453 [New I/O client worker #33-8] INFO  o.e.m.c.i.e.AbstractTransferListenerAdapter - Downloaded http://repo.maven.apache.org/maven2/com/sun/jdmk/jmxtools/1.2.1/jmxtools-1.2.1.jar
2013-09-27 08:09:19,453 [Worker-4] INFO  o.e.m.c.i.embedder.EclipseLogger - Installing C:\Documents and Settings\User\MyEclipse Professional 2014\configuration\org.eclipse.osgi\bundles\105\1\.cp\data\3.0\lib\core\jmxtools-1.2.1.jar to C:\Documents and Settings\User\.m2\repository\com\sun\jdmk\jmxtools\1.2.1\jmxtools-1.2.1.jar
2013-09-27 08:09:19,484 [Worker-4] INFO  o.e.m.c.i.embedder.EclipseLogger - Installing C:\DOCUME~1\User\LOCALS~1\Temp\mvninstall7766294300385799113.pom to C:\Documents and Settings\User\.m2\repository\com\sun\jdmk\jmxtools\1.2.1\jmxtools-1.2.1.pom
2013-09-27 08:09:19,484 [Worker-4] INFO  c.n.h.c.p.n.NettyAsyncHttpProvider - Number of application's worked threads is 8
2013-09-27 08:09:19,515 [New I/O client worker #34-8] INFO  o.e.m.c.i.e.AbstractTransferListenerAdapter - Downloaded http://repo.maven.apache.org/maven2/org/aspectj/aspectjweaver/1.6.8.RELEASE/aspectjweaver-1.6.8.RELEASE.jar
2013-09-27 08:09:19,515 [Worker-4] INFO  o.e.m.c.i.embedder.EclipseLogger - Installing C:\Documents and Settings\User\MyEclipse Professional 2014\configuration\org.eclipse.osgi\bundles\105\1\.cp\data\3.0\lib\aop\com.springsource.org.aspectj.weaver-1.6.8.RELEASE.jar to C:\Documents and Settings\User\.m2\repository\org\aspectj\aspectjweaver\1.6.8.RELEASE\aspectjweaver-1.6.8.RELEASE.jar
2013-09-27 08:09:19,687 [Worker-4] INFO  o.e.m.c.i.embedder.EclipseLogger - Installing C:\DOCUME~1\User\LOCALS~1\Temp\mvninstall4615091263846497480.pom to C:\Documents and Settings\User\.m2\repository\org\aspectj\aspectjweaver\1.6.8.RELEASE\aspectjweaver-1.6.8.RELEASE.pom
2013-09-27 08:09:19,687 [Worker-4] INFO  c.n.h.c.p.n.NettyAsyncHttpProvider - Number of application's worked threads is 8
2013-09-27 08:09:19,718 [New I/O client worker #35-8] INFO  o.e.m.c.i.e.AbstractTransferListenerAdapter - Downloaded http://repo.maven.apache.org/maven2/com/google/code/guice/guice/2.0/guice-2.0.jar
2013-09-27 08:09:19,718 [Worker-4] INFO  o.e.m.c.i.embedder.EclipseLogger - Installing C:\Documents and Settings\User\MyEclipse Professional 2014\configuration\org.eclipse.osgi\bundles\106\1\.cp\data\security-3.1\deps\guice-2.0.jar to C:\Documents and Settings\User\.m2\repository\com\google\code\guice\guice\2.0\guice-2.0.jar
2013-09-27 08:09:19,781 [Worker-4] INFO  o.e.m.c.i.embedder.EclipseLogger - Installing C:\DOCUME~1\User\LOCALS~1\Temp\mvninstall8583294912335521900.pom to C:\Documents and Settings\User\.m2\repository\com\google\code\guice\guice\2.0\guice-2.0.pom
2013-09-27 08:09:19,781 [Worker-4] INFO  c.n.h.c.p.n.NettyAsyncHttpProvider - Number of application's worked threads is 8
2013-09-27 08:09:19,812 [New I/O client worker #36-8] INFO  o.e.m.c.i.e.AbstractTransferListenerAdapter - Downloaded http://repo.maven.apache.org/maven2/jdo/jdori/1.0.1/jdori-1.0.1.jar
2013-09-27 08:09:19,812 [Worker-4] INFO  o.e.m.c.i.embedder.EclipseLogger - Installing C:\Documents and Settings\User\MyEclipse Professional 2014\configuration\org.eclipse.osgi\bundles\108\1\.cp\dependencies\jdori-1.0.1.jar to C:\Documents and Settings\User\.m2\repository\jdo\jdori\1.0.1\jdori-1.0.1.jar
2013-09-27 08:09:19,828 [Worker-4] INFO  o.e.m.c.i.embedder.EclipseLogger - Installing C:\DOCUME~1\User\LOCALS~1\Temp\mvninstall3837033806122196920.pom to C:\Documents and Settings\User\.m2\repository\jdo\jdori\1.0.1\jdori-1.0.1.pom
2013-09-27 08:09:19,843 [Worker-4] INFO  c.n.h.c.p.n.NettyAsyncHttpProvider - Number of application's worked threads is 8
2013-09-27 08:09:19,859 [New I/O client worker #37-8] INFO  o.e.m.c.i.e.AbstractTransferListenerAdapter - Downloaded http://repo.maven.apache.org/maven2/javax/jws/jsr181/1.0/jsr181-1.0.jar
2013-09-27 08:09:19,875 [Worker-4] INFO  o.e.m.c.i.embedder.EclipseLogger - Installing C:\Documents and Settings\User\MyEclipse Professional 2014\configuration\org.eclipse.osgi\bundles\108\1\.cp\dependencies\jsr181-api.jar to C:\Documents and Settings\User\.m2\repository\javax\jws\jsr181\1.0\jsr181-1.0.jar
2013-09-27 08:09:19,890 [Worker-4] INFO  o.e.m.c.i.embedder.EclipseLogger - Installing C:\DOCUME~1\User\LOCALS~1\Temp\mvninstall3841864306515034605.pom to C:\Documents and Settings\User\.m2\repository\javax\jws\jsr181\1.0\jsr181-1.0.pom
2013-09-27 08:09:19,906 [Worker-4] INFO  c.n.h.c.p.n.NettyAsyncHttpProvider - Number of application's worked threads is 8
2013-09-27 08:09:19,921 [New I/O client worker #38-8] INFO  o.e.m.c.i.e.AbstractTransferListenerAdapter - Downloaded http://repo.maven.apache.org/maven2/javax/xml/jaxr-api/1.0_03/jaxr-api-1.0_03.jar
2013-09-27 08:09:19,937 [Worker-4] INFO  o.e.m.c.i.embedder.EclipseLogger - Installing C:\Documents and Settings\User\MyEclipse Professional 2014\configuration\org.eclipse.osgi\bundles\108\1\.cp\dependencies\jaxr-api.jar to C:\Documents and Settings\User\.m2\repository\javax\xml\jaxr-api\1.0_03\jaxr-api-1.0_03.jar
2013-09-27 08:09:19,953 [Worker-4] INFO  o.e.m.c.i.embedder.EclipseLogger - Installing C:\DOCUME~1\User\LOCALS~1\Temp\mvninstall693231582109178732.pom to C:\Documents and Settings\User\.m2\repository\javax\xml\jaxr-api\1.0_03\jaxr-api-1.0_03.pom
2013-09-27 08:09:19,953 [Worker-4] INFO  c.n.h.c.p.n.NettyAsyncHttpProvider - Number of application's worked threads is 8
2013-09-27 08:09:19,984 [New I/O client worker #39-8] INFO  o.e.m.c.i.e.AbstractTransferListenerAdapter - Downloaded http://repo.maven.apache.org/maven2/org/eclipse/persistence/eclipselink/1.0.2/eclipselink-1.0.2.jar
2013-09-27 08:09:19,984 [Worker-4] INFO  o.e.m.c.i.embedder.EclipseLogger - Installing C:\Documents and Settings\User\MyEclipse Professional 2014\configuration\org.eclipse.osgi\bundles\122\1\.cp\data\eclipselink\1.0\eclipselink.jar to C:\Documents and Settings\User\.m2\repository\org\eclipse\persistence\eclipselink\1.0.2\eclipselink-1.0.2.jar
2013-09-27 08:09:23,187 [Worker-4] INFO  o.e.m.c.i.embedder.EclipseLogger - Installing C:\DOCUME~1\User\LOCALS~1\Temp\mvninstall6173001266540735111.pom to C:\Documents and Settings\User\.m2\repository\org\eclipse\persistence\eclipselink\1.0.2\eclipselink-1.0.2.pom
2013-09-27 08:09:23,187 [Worker-4] INFO  c.n.h.c.p.n.NettyAsyncHttpProvider - Number of application's worked threads is 8
2013-09-27 08:09:23,328 [New I/O client worker #40-2] INFO  o.e.m.c.i.e.AbstractTransferListenerAdapter - Downloading http://repo.maven.apache.org/maven2/org/eclipse/persistence/javax.persistence/1.0.0/javax.persistence-1.0.0.jar
2013-09-27 08:09:23,343 [New I/O client worker #40-2] INFO  o.e.m.c.i.e.AbstractTransferListenerAdapter - Downloaded http://repo.maven.apache.org/maven2/org/eclipse/persistence/javax.persistence/1.0.0/javax.persistence-1.0.0.jar
2013-09-27 08:09:23,468 [Worker-4] INFO  c.n.h.c.p.n.NettyAsyncHttpProvider - Number of application's worked threads is 8
2013-09-27 08:09:23,578 [New I/O client worker #41-2] INFO  o.e.m.c.i.e.AbstractTransferListenerAdapter - Downloading http://repo.maven.apache.org/maven2/javax/jms/jms/1.1/jms-1.1.jar
2013-09-27 08:09:23,593 [New I/O client worker #41-2] INFO  o.e.m.c.i.e.AbstractTransferListenerAdapter - Downloaded http://repo.maven.apache.org/maven2/javax/jms/jms/1.1/jms-1.1.jar
2013-09-27 08:09:23,687 [Worker-4] INFO  c.n.h.c.p.n.NettyAsyncHttpProvider - Number of application's worked threads is 8
2013-09-27 08:09:23,765 [New I/O client worker #42-2] INFO  o.e.m.c.i.e.AbstractTransferListenerAdapter - Downloading http://repo.maven.apache.org/maven2/myeclipse/pluto-taglib/1.0.1/pluto-taglib-1.0.1.jar
2013-09-27 08:09:23,765 [New I/O client worker #42-2] INFO  o.e.m.c.i.e.AbstractTransferListenerAdapter - Downloaded http://repo.maven.apache.org/maven2/myeclipse/pluto-taglib/1.0.1/pluto-taglib-1.0.1.jar
2013-09-27 08:09:23,890 [Worker-4] INFO  c.n.h.c.p.n.NettyAsyncHttpProvider - Number of application's worked threads is 8
2013-09-27 08:09:23,906 [New I/O client worker #43-2] INFO  o.e.m.c.i.e.AbstractTransferListenerAdapter - Downloading http://repo.maven.apache.org/maven2/myeclipse/pluto-taglib/2.0/pluto-taglib-2.0.jar
2013-09-27 08:09:23,921 [New I/O client worker #43-2] INFO  o.e.m.c.i.e.AbstractTransferListenerAdapter - Downloaded http://repo.maven.apache.org/maven2/myeclipse/pluto-taglib/2.0/pluto-taglib-2.0.jar
2013-09-27 08:09:23,984 [Worker-4] INFO  c.n.h.c.p.n.NettyAsyncHttpProvider - Number of application's worked threads is 8
2013-09-27 08:09:24,015 [New I/O client worker #44-2] INFO  o.e.m.c.i.e.AbstractTransferListenerAdapter - Downloading http://repo.maven.apache.org/maven2/myeclipse-reports/chartengineapi/2.2.0/chartengineapi-2.2.0.jar
2013-09-27 08:09:24,015 [New I/O client worker #44-2] INFO  o.e.m.c.i.e.AbstractTransferListenerAdapter - Downloaded http://repo.maven.apache.org/maven2/myeclipse-reports/chartengineapi/2.2.0/chartengineapi-2.2.0.jar
2013-09-27 08:09:24,140 [Worker-4] INFO  c.n.h.c.p.n.NettyAsyncHttpProvider - Number of application's worked threads is 8
2013-09-27 08:09:24,234 [New I/O client worker #45-2] INFO  o.e.m.c.i.e.AbstractTransferListenerAdapter - Downloading http://repo.maven.apache.org/maven2/myeclipse-reports/coreapi/2.2.0/coreapi-2.2.0.jar
2013-09-27 08:09:24,250 [New I/O client worker #45-2] INFO  o.e.m.c.i.e.AbstractTransferListenerAdapter - Downloaded http://repo.maven.apache.org/maven2/myeclipse-reports/coreapi/2.2.0/coreapi-2.2.0.jar
2013-09-27 08:09:24,328 [Worker-4] INFO  c.n.h.c.p.n.NettyAsyncHttpProvider - Number of application's worked threads is 8
2013-09-27 08:09:24,421 [New I/O client worker #46-2] INFO  o.e.m.c.i.e.AbstractTransferListenerAdapter - Downloading http://repo.maven.apache.org/maven2/myeclipse-reports/dataadapterapi/2.2.0/dataadapterapi-2.2.0.jar
2013-09-27 08:09:24,437 [New I/O client worker #46-2] INFO  o.e.m.c.i.e.AbstractTransferListenerAdapter - Downloaded http://repo.maven.apache.org/maven2/myeclipse-reports/dataadapterapi/2.2.0/dataadapterapi-2.2.0.jar
2013-09-27 08:09:24,515 [Worker-4] INFO  c.n.h.c.p.n.NettyAsyncHttpProvider - Number of application's worked threads is 8
2013-09-27 08:09:24,687 [New I/O client worker #47-2] INFO  o.e.m.c.i.e.AbstractTransferListenerAdapter - Downloading http://repo.maven.apache.org/maven2/myeclipse-reports/dteapi/2.2.0/dteapi-2.2.0.jar
2013-09-27 08:09:24,703 [New I/O client worker #47-2] INFO  o.e.m.c.i.e.AbstractTransferListenerAdapter - Downloaded http://repo.maven.apache.org/maven2/myeclipse-reports/dteapi/2.2.0/dteapi-2.2.0.jar
2013-09-27 08:09:24,750 [Worker-4] INFO  c.n.h.c.p.n.NettyAsyncHttpProvider - Number of application's worked threads is 8
2013-09-27 08:09:24,937 [New I/O client worker #48-2] INFO  o.e.m.c.i.e.AbstractTransferListenerAdapter - Downloading http://repo.maven.apache.org/maven2/myeclipse-reports/engineapi/2.2.0/engineapi-2.2.0.jar
2013-09-27 08:09:24,953 [New I/O client worker #48-2] INFO  o.e.m.c.i.e.AbstractTransferListenerAdapter - Downloaded http://repo.maven.apache.org/maven2/myeclipse-reports/engineapi/2.2.0/engineapi-2.2.0.jar
2013-09-27 08:09:25,000 [Worker-4] INFO  c.n.h.c.p.n.NettyAsyncHttpProvider - Number of application's worked threads is 8
2013-09-27 08:09:25,015 [New I/O client worker #49-2] INFO  o.e.m.c.i.e.AbstractTransferListenerAdapter - Downloading http://repo.maven.apache.org/maven2/myeclipse-reports/modelapi/2.2.0/modelapi-2.2.0.jar
2013-09-27 08:09:25,031 [New I/O client worker #49-2] INFO  o.e.m.c.i.e.AbstractTransferListenerAdapter - Downloaded http://repo.maven.apache.org/maven2/myeclipse-reports/modelapi/2.2.0/modelapi-2.2.0.jar
2013-09-27 08:09:25,109 [Worker-4] INFO  c.n.h.c.p.n.NettyAsyncHttpProvider - Number of application's worked threads is 8
2013-09-27 08:09:25,187 [New I/O client worker #50-2] INFO  o.e.m.c.i.e.AbstractTransferListenerAdapter - Downloading http://repo.maven.apache.org/maven2/myeclipse-reports/scriptapi/2.2.0/scriptapi-2.2.0.jar
2013-09-27 08:09:25,203 [New I/O client worker #50-2] INFO  o.e.m.c.i.e.AbstractTransferListenerAdapter - Downloaded http://repo.maven.apache.org/maven2/myeclipse-reports/scriptapi/2.2.0/scriptapi-2.2.0.jar
2013-09-27 08:09:25,250 [Worker-4] INFO  c.n.h.c.p.n.NettyAsyncHttpProvider - Number of application's worked threads is 8
2013-09-27 08:09:25,437 [New I/O client worker #51-2] INFO  o.e.m.c.i.e.AbstractTransferListenerAdapter - Downloading http://repo.maven.apache.org/maven2/myeclipse-reports/viewservlets/2.2.0/viewservlets-2.2.0.jar
2013-09-27 08:09:25,453 [New I/O client worker #51-2] INFO  o.e.m.c.i.e.AbstractTransferListenerAdapter - Downloaded http://repo.maven.apache.org/maven2/myeclipse-reports/viewservlets/2.2.0/viewservlets-2.2.0.jar
2013-09-27 08:09:25,500 [Worker-4] INFO  c.n.h.c.p.n.NettyAsyncHttpProvider - Number of application's worked threads is 8
2013-09-27 08:09:25,640 [New I/O client worker #52-2] INFO  o.e.m.c.i.e.AbstractTransferListenerAdapter - Downloading http://repo.maven.apache.org/maven2/myeclipse/flute/1.0/flute-1.0.jar
2013-09-27 08:09:25,656 [New I/O client worker #52-2] INFO  o.e.m.c.i.e.AbstractTransferListenerAdapter - Downloaded http://repo.maven.apache.org/maven2/myeclipse/flute/1.0/flute-1.0.jar
2013-09-27 08:09:25,718 [Worker-4] INFO  c.n.h.c.p.n.NettyAsyncHttpProvider - Number of application's worked threads is 8
2013-09-27 08:09:25,765 [New I/O client worker #53-2] INFO  o.e.m.c.i.e.AbstractTransferListenerAdapter - Downloading http://repo.maven.apache.org/maven2/myeclipse/org.eclipse.emf.common/2.2.1/org.eclipse.emf.common-2.2.1.jar
2013-09-27 08:09:25,765 [New I/O client worker #53-2] INFO  o.e.m.c.i.e.AbstractTransferListenerAdapter - Downloaded http://repo.maven.apache.org/maven2/myeclipse/org.eclipse.emf.common/2.2.1/org.eclipse.emf.common-2.2.1.jar
2013-09-27 08:09:25,828 [Worker-4] INFO  c.n.h.c.p.n.NettyAsyncHttpProvider - Number of application's worked threads is 8
2013-09-27 08:09:25,906 [New I/O client worker #54-2] INFO  o.e.m.c.i.e.AbstractTransferListenerAdapter - Downloading http://repo.maven.apache.org/maven2/myeclipse/org.eclipse.emf.ecore/2.2.2/org.eclipse.emf.ecore-2.2.2.jar
2013-09-27 08:09:25,921 [New I/O client worker #54-2] INFO  o.e.m.c.i.e.AbstractTransferListenerAdapter - Downloaded http://repo.maven.apache.org/maven2/myeclipse/org.eclipse.emf.ecore/2.2.2/org.eclipse.emf.ecore-2.2.2.jar
2013-09-27 08:09:25,968 [Worker-4] INFO  c.n.h.c.p.n.NettyAsyncHttpProvider - Number of application's worked threads is 8
2013-09-27 08:09:25,984 [New I/O client worker #55-2] INFO  o.e.m.c.i.e.AbstractTransferListenerAdapter - Downloading http://repo.maven.apache.org/maven2/myeclipse/org.eclipse.emf.ecore.xmi/2.2.2/org.eclipse.emf.ecore.xmi-2.2.2.jar
2013-09-27 08:09:25,984 [New I/O client worker #55-2] INFO  o.e.m.c.i.e.AbstractTransferListenerAdapter - Downloaded http://repo.maven.apache.org/maven2/myeclipse/org.eclipse.emf.ecore.xmi/2.2.2/org.eclipse.emf.ecore.xmi-2.2.2.jar
2013-09-27 08:09:26,156 [Worker-4] INFO  c.n.h.c.p.n.NettyAsyncHttpProvider - Number of application's worked threads is 8
2013-09-27 08:09:26,203 [New I/O client worker #56-8] INFO  o.e.m.c.i.e.AbstractTransferListenerAdapter - Downloaded http://repo.maven.apache.org/maven2/myeclipse-reports/chartengineapi/2.3.0/chartengineapi-2.3.0.jar
2013-09-27 08:09:26,203 [Worker-4] INFO  o.e.m.c.i.embedder.EclipseLogger - Installing C:\Documents and Settings\User\MyEclipse Professional 2014\configuration\org.eclipse.osgi\bundles\124\1\.cp\data\2.3\chartengineapi.jar to C:\Documents and Settings\User\.m2\repository\myeclipse-reports\chartengineapi\2.3.0\chartengineapi-2.3.0.jar
2013-09-27 08:09:26,265 [Worker-4] INFO  o.e.m.c.i.embedder.EclipseLogger - Installing C:\DOCUME~1\User\LOCALS~1\Temp\mvninstall4156903342452795709.pom to C:\Documents and Settings\User\.m2\repository\myeclipse-reports\chartengineapi\2.3.0\chartengineapi-2.3.0.pom
2013-09-27 08:09:26,281 [Worker-4] INFO  c.n.h.c.p.n.NettyAsyncHttpProvider - Number of application's worked threads is 8
2013-09-27 08:09:26,281 [New I/O client worker #57-2] INFO  o.e.m.c.i.e.AbstractTransferListenerAdapter - Downloading http://repo.maven.apache.org/maven2/myeclipse-reports/coreapi/2.3.0/coreapi-2.3.0.jar
2013-09-27 08:09:26,296 [New I/O client worker #57-2] INFO  o.e.m.c.i.e.AbstractTransferListenerAdapter - Downloaded http://repo.maven.apache.org/maven2/myeclipse-reports/coreapi/2.3.0/coreapi-2.3.0.jar
2013-09-27 08:09:26,343 [Worker-4] INFO  c.n.h.c.p.n.NettyAsyncHttpProvider - Number of application's worked threads is 8
2013-09-27 08:09:26,390 [New I/O client worker #58-2] INFO  o.e.m.c.i.e.AbstractTransferListenerAdapter - Downloading http://repo.maven.apache.org/maven2/myeclipse-reports/dataadapterapi/2.3.0/dataadapterapi-2.3.0.jar
2013-09-27 08:09:26,406 [New I/O client worker #58-2] INFO  o.e.m.c.i.e.AbstractTransferListenerAdapter - Downloaded http://repo.maven.apache.org/maven2/myeclipse-reports/dataadapterapi/2.3.0/dataadapterapi-2.3.0.jar
2013-09-27 08:09:26,453 [Worker-4] INFO  c.n.h.c.p.n.NettyAsyncHttpProvider - Number of application's worked threads is 8
2013-09-27 08:09:26,625 [New I/O client worker #59-2] INFO  o.e.m.c.i.e.AbstractTransferListenerAdapter - Downloading http://repo.maven.apache.org/maven2/myeclipse-reports/dteapi/2.3.0/dteapi-2.3.0.jar
2013-09-27 08:09:26,625 [New I/O client worker #59-2] INFO  o.e.m.c.i.e.AbstractTransferListenerAdapter - Downloaded http://repo.maven.apache.org/maven2/myeclipse-reports/dteapi/2.3.0/dteapi-2.3.0.jar
2013-09-27 08:09:26,750 [Worker-4] INFO  c.n.h.c.p.n.NettyAsyncHttpProvider - Number of application's worked threads is 8
2013-09-27 08:09:26,796 [New I/O client worker #60-2] INFO  o.e.m.c.i.e.AbstractTransferListenerAdapter - Downloading http://repo.maven.apache.org/maven2/myeclipse-reports/engineapi/2.3.0/engineapi-2.3.0.jar
2013-09-27 08:09:26,796 [New I/O client worker #60-2] INFO  o.e.m.c.i.e.AbstractTransferListenerAdapter - Downloaded http://repo.maven.apache.org/maven2/myeclipse-reports/engineapi/2.3.0/engineapi-2.3.0.jar
2013-09-27 08:09:26,890 [Worker-4] INFO  c.n.h.c.p.n.NettyAsyncHttpProvider - Number of application's worked threads is 8
2013-09-27 08:09:26,906 [New I/O client worker #61-2] INFO  o.e.m.c.i.e.AbstractTransferListenerAdapter - Downloading http://repo.maven.apache.org/maven2/myeclipse-reports/modelapi/2.3.0/modelapi-2.3.0.jar
2013-09-27 08:09:26,921 [New I/O client worker #61-2] INFO  o.e.m.c.i.e.AbstractTransferListenerAdapter - Downloaded http://repo.maven.apache.org/maven2/myeclipse-reports/modelapi/2.3.0/modelapi-2.3.0.jar
2013-09-27 08:09:27,000 [Worker-4] INFO  c.n.h.c.p.n.NettyAsyncHttpProvider - Number of application's worked threads is 8
2013-09-27 08:09:27,062 [New I/O client worker #62-2] INFO  o.e.m.c.i.e.AbstractTransferListenerAdapter - Downloading http://repo.maven.apache.org/maven2/myeclipse-reports/scriptapi/2.3.0/scriptapi-2.3.0.jar
2013-09-27 08:09:27,062 [New I/O client worker #62-2] INFO  o.e.m.c.i.e.AbstractTransferListenerAdapter - Downloaded http://repo.maven.apache.org/maven2/myeclipse-reports/scriptapi/2.3.0/scriptapi-2.3.0.jar
2013-09-27 08:09:27,281 [Worker-4] INFO  c.n.h.c.p.n.NettyAsyncHttpProvider - Number of application's worked threads is 8
2013-09-27 08:09:27,359 [New I/O client worker #63-2] INFO  o.e.m.c.i.e.AbstractTransferListenerAdapter - Downloading http://repo.maven.apache.org/maven2/myeclipse-reports/viewservlets/2.3.0/viewservlets-2.3.0.jar
2013-09-27 08:09:27,359 [New I/O client worker #63-2] INFO  o.e.m.c.i.e.AbstractTransferListenerAdapter - Downloaded http://repo.maven.apache.org/maven2/myeclipse-reports/viewservlets/2.3.0/viewservlets-2.3.0.jar
2013-09-27 08:09:27,437 [Worker-4] INFO  c.n.h.c.p.n.NettyAsyncHttpProvider - Number of application's worked threads is 8
2013-09-27 08:09:27,468 [New I/O client worker #64-8] INFO  o.e.m.c.i.e.AbstractTransferListenerAdapter - Downloaded http://repo.maven.apache.org/maven2/myeclipse-reports/crosstabcoreapi/2.3.0/crosstabcoreapi-2.3.0.jar
2013-09-27 08:09:27,468 [Worker-4] INFO  o.e.m.c.i.embedder.EclipseLogger - Installing C:\Documents and Settings\User\MyEclipse Professional 2014\configuration\org.eclipse.osgi\bundles\124\1\.cp\data\2.3\crosstabcoreapi.jar to C:\Documents and Settings\User\.m2\repository\myeclipse-reports\crosstabcoreapi\2.3.0\crosstabcoreapi-2.3.0.jar
2013-09-27 08:09:27,562 [Worker-4] INFO  o.e.m.c.i.embedder.EclipseLogger - Installing C:\DOCUME~1\User\LOCALS~1\Temp\mvninstall7779986535447389768.pom to C:\Documents and Settings\User\.m2\repository\myeclipse-reports\crosstabcoreapi\2.3.0\crosstabcoreapi-2.3.0.pom
2013-09-27 08:09:27,562 [Worker-4] INFO  c.n.h.c.p.n.NettyAsyncHttpProvider - Number of application's worked threads is 8
2013-09-27 08:09:27,578 [New I/O client worker #65-8] INFO  o.e.m.c.i.e.AbstractTransferListenerAdapter - Downloaded http://repo.maven.apache.org/maven2/myeclipse-reports/dataaggregationapi/2.3.0/dataaggregationapi-2.3.0.jar
2013-09-27 08:09:27,593 [Worker-4] INFO  o.e.m.c.i.embedder.EclipseLogger - Installing C:\Documents and Settings\User\MyEclipse Professional 2014\configuration\org.eclipse.osgi\bundles\124\1\.cp\data\2.3\dataaggregationapi.jar to C:\Documents and Settings\User\.m2\repository\myeclipse-reports\dataaggregationapi\2.3.0\dataaggregationapi-2.3.0.jar
2013-09-27 08:09:27,609 [Worker-4] INFO  o.e.m.c.i.embedder.EclipseLogger - Installing C:\DOCUME~1\User\LOCALS~1\Temp\mvninstall5951427402450138261.pom to C:\Documents and Settings\User\.m2\repository\myeclipse-reports\dataaggregationapi\2.3.0\dataaggregationapi-2.3.0.pom
2013-09-27 08:09:27,609 [Worker-4] INFO  c.n.h.c.p.n.NettyAsyncHttpProvider - Number of application's worked threads is 8
2013-09-27 08:09:27,640 [New I/O client worker #66-2] INFO  o.e.m.c.i.e.AbstractTransferListenerAdapter - Downloading http://repo.maven.apache.org/maven2/myeclipse-reports/modelodaapi/2.3.0/modelodaapi-2.3.0.jar
2013-09-27 08:09:27,656 [New I/O client worker #66-2] INFO  o.e.m.c.i.e.AbstractTransferListenerAdapter - Downloaded http://repo.maven.apache.org/maven2/myeclipse-reports/modelodaapi/2.3.0/modelodaapi-2.3.0.jar
2013-09-27 08:09:27,703 [Worker-4] INFO  c.n.h.c.p.n.NettyAsyncHttpProvider - Number of application's worked threads is 8
2013-09-27 08:09:27,734 [New I/O client worker #67-8] INFO  o.e.m.c.i.e.AbstractTransferListenerAdapter - Downloaded http://repo.maven.apache.org/maven2/myeclipse-reports/odadesignapi/2.3.0/odadesignapi-2.3.0.jar
2013-09-27 08:09:27,734 [Worker-4] INFO  o.e.m.c.i.embedder.EclipseLogger - Installing C:\Documents and Settings\User\MyEclipse Professional 2014\configuration\org.eclipse.osgi\bundles\124\1\.cp\data\2.3\odadesignapi.jar to C:\Documents and Settings\User\.m2\repository\myeclipse-reports\odadesignapi\2.3.0\odadesignapi-2.3.0.jar
2013-09-27 08:09:27,796 [Worker-4] INFO  o.e.m.c.i.embedder.EclipseLogger - Installing C:\DOCUME~1\User\LOCALS~1\Temp\mvninstall5608857960730489267.pom to C:\Documents and Settings\User\.m2\repository\myeclipse-reports\odadesignapi\2.3.0\odadesignapi-2.3.0.pom
2013-09-27 08:09:27,796 [Worker-4] INFO  c.n.h.c.p.n.NettyAsyncHttpProvider - Number of application's worked threads is 8
2013-09-27 08:09:27,843 [New I/O client worker #68-2] INFO  o.e.m.c.i.e.AbstractTransferListenerAdapter - Downloading http://repo.maven.apache.org/maven2/myeclipse-reports/dataextraction/2.3.0/dataextraction-2.3.0.jar
2013-09-27 08:09:27,859 [New I/O client worker #68-2] INFO  o.e.m.c.i.e.AbstractTransferListenerAdapter - Downloaded http://repo.maven.apache.org/maven2/myeclipse-reports/dataextraction/2.3.0/dataextraction-2.3.0.jar
2013-09-27 08:09:27,953 [Worker-4] INFO  c.n.h.c.p.n.NettyAsyncHttpProvider - Number of application's worked threads is 8
2013-09-27 08:09:27,984 [New I/O client worker #69-8] INFO  o.e.m.c.i.e.AbstractTransferListenerAdapter - Downloaded http://repo.maven.apache.org/maven2/myeclipse/org.eclipse.emf.common/2.4.0/org.eclipse.emf.common-2.4.0.jar
2013-09-27 08:09:27,984 [Worker-4] INFO  o.e.m.c.i.embedder.EclipseLogger - Installing C:\Documents and Settings\User\MyEclipse Professional 2014\configuration\org.eclipse.osgi\bundles\124\1\.cp\data\2.3\org.eclipse.emf.common_2.4.0.v200808251517.jar to C:\Documents and Settings\User\.m2\repository\myeclipse\org.eclipse.emf.common\2.4.0\org.eclipse.emf.common-2.4.0.jar
2013-09-27 08:09:28,031 [Worker-4] INFO  o.e.m.c.i.embedder.EclipseLogger - Installing C:\DOCUME~1\User\LOCALS~1\Temp\mvninstall4645633478233464945.pom to C:\Documents and Settings\User\.m2\repository\myeclipse\org.eclipse.emf.common\2.4.0\org.eclipse.emf.common-2.4.0.pom
2013-09-27 08:09:28,031 [Worker-4] INFO  c.n.h.c.p.n.NettyAsyncHttpProvider - Number of application's worked threads is 8
2013-09-27 08:09:28,062 [New I/O client worker #70-8] INFO  o.e.m.c.i.e.AbstractTransferListenerAdapter - Downloaded http://repo.maven.apache.org/maven2/myeclipse/org.eclipse.emf.ecore/2.4.0/org.eclipse.emf.ecore-2.4.0.jar
2013-09-27 08:09:28,078 [Worker-4] INFO  o.e.m.c.i.embedder.EclipseLogger - Installing C:\Documents and Settings\User\MyEclipse Professional 2014\configuration\org.eclipse.osgi\bundles\124\1\.cp\data\2.3\org.eclipse.emf.ecore_2.4.1.v200808251517.jar to C:\Documents and Settings\User\.m2\repository\myeclipse\org.eclipse.emf.ecore\2.4.0\org.eclipse.emf.ecore-2.4.0.jar
2013-09-27 08:09:28,375 [Worker-4] INFO  o.e.m.c.i.embedder.EclipseLogger - Installing C:\DOCUME~1\User\LOCALS~1\Temp\mvninstall2245143845170644591.pom to C:\Documents and Settings\User\.m2\repository\myeclipse\org.eclipse.emf.ecore\2.4.0\org.eclipse.emf.ecore-2.4.0.pom
2013-09-27 08:09:28,375 [Worker-4] INFO  c.n.h.c.p.n.NettyAsyncHttpProvider - Number of application's worked threads is 8
2013-09-27 08:09:28,390 [New I/O client worker #71-2] INFO  o.e.m.c.i.e.AbstractTransferListenerAdapter - Downloading http://repo.maven.apache.org/maven2/myeclipse/org.eclipse.emf.ecore.xmi/2.4.0/org.eclipse.emf.ecore.xmi-2.4.0.jar
2013-09-27 08:09:28,406 [New I/O client worker #71-2] INFO  o.e.m.c.i.e.AbstractTransferListenerAdapter - Downloaded http://repo.maven.apache.org/maven2/myeclipse/org.eclipse.emf.ecore.xmi/2.4.0/org.eclipse.emf.ecore.xmi-2.4.0.jar
2013-09-27 08:09:28,500 [Worker-4] INFO  c.n.h.c.p.n.NettyAsyncHttpProvider - Number of application's worked threads is 8
2013-09-27 08:09:28,531 [New I/O client worker #72-8] INFO  o.e.m.c.i.e.AbstractTransferListenerAdapter - Downloaded http://repo.maven.apache.org/maven2/myeclipse-reports/chartengineapi/2.5.0/chartengineapi-2.5.0.jar
2013-09-27 08:09:28,578 [Worker-4] INFO  o.e.m.c.i.embedder.EclipseLogger - Installing C:\Documents and Settings\User\MyEclipse Professional 2014\configuration\org.eclipse.osgi\bundles\124\1\.cp\data\2.5\chartengineapi.jar to C:\Documents and Settings\User\.m2\repository\myeclipse-reports\chartengineapi\2.5.0\chartengineapi-2.5.0.jar
2013-09-27 08:09:28,703 [Worker-4] INFO  o.e.m.c.i.embedder.EclipseLogger - Installing C:\DOCUME~1\User\LOCALS~1\Temp\mvninstall6187308258966830032.pom to C:\Documents and Settings\User\.m2\repository\myeclipse-reports\chartengineapi\2.5.0\chartengineapi-2.5.0.pom
2013-09-27 08:09:28,703 [Worker-4] INFO  c.n.h.c.p.n.NettyAsyncHttpProvider - Number of application's worked threads is 8
2013-09-27 08:09:28,718 [New I/O client worker #73-2] INFO  o.e.m.c.i.e.AbstractTransferListenerAdapter - Downloading http://repo.maven.apache.org/maven2/myeclipse-reports/chartitemapi/2.5.0/chartitemapi-2.5.0.jar
2013-09-27 08:09:28,734 [New I/O client worker #73-2] INFO  o.e.m.c.i.e.AbstractTransferListenerAdapter - Downloaded http://repo.maven.apache.org/maven2/myeclipse-reports/chartitemapi/2.5.0/chartitemapi-2.5.0.jar
2013-09-27 08:09:28,828 [Worker-4] INFO  c.n.h.c.p.n.NettyAsyncHttpProvider - Number of application's worked threads is 8
2013-09-27 08:09:28,859 [New I/O client worker #74-8] INFO  o.e.m.c.i.e.AbstractTransferListenerAdapter - Downloaded http://repo.maven.apache.org/maven2/myeclipse-reports/coreapi/2.5.0/coreapi-2.5.0.jar
2013-09-27 08:09:28,875 [Worker-4] INFO  o.e.m.c.i.embedder.EclipseLogger - Installing C:\Documents and Settings\User\MyEclipse Professional 2014\configuration\org.eclipse.osgi\bundles\124\1\.cp\data\2.5\coreapi.jar to C:\Documents and Settings\User\.m2\repository\myeclipse-reports\coreapi\2.5.0\coreapi-2.5.0.jar
2013-09-27 08:09:28,890 [Worker-4] INFO  o.e.m.c.i.embedder.EclipseLogger - Installing C:\DOCUME~1\User\LOCALS~1\Temp\mvninstall5981613085595959111.pom to C:\Documents and Settings\User\.m2\repository\myeclipse-reports\coreapi\2.5.0\coreapi-2.5.0.pom
2013-09-27 08:09:28,906 [Worker-4] INFO  c.n.h.c.p.n.NettyAsyncHttpProvider - Number of application's worked threads is 8
2013-09-27 08:09:28,921 [New I/O client worker #75-8] INFO  o.e.m.c.i.e.AbstractTransferListenerAdapter - Downloaded http://repo.maven.apache.org/maven2/myeclipse-reports/dataadapterapi/2.5.0/dataadapterapi-2.5.0.jar
2013-09-27 08:09:28,937 [Worker-4] INFO  o.e.m.c.i.embedder.EclipseLogger - Installing C:\Documents and Settings\User\MyEclipse Professional 2014\configuration\org.eclipse.osgi\bundles\124\1\.cp\data\2.5\dataadapterapi.jar to C:\Documents and Settings\User\.m2\repository\myeclipse-reports\dataadapterapi\2.5.0\dataadapterapi-2.5.0.jar
2013-09-27 08:09:28,953 [Worker-4] INFO  o.e.m.c.i.embedder.EclipseLogger - Installing C:\DOCUME~1\User\LOCALS~1\Temp\mvninstall3781506400810408596.pom to C:\Documents and Settings\User\.m2\repository\myeclipse-reports\dataadapterapi\2.5.0\dataadapterapi-2.5.0.pom
2013-09-27 08:09:28,953 [Worker-4] INFO  c.n.h.c.p.n.NettyAsyncHttpProvider - Number of application's worked threads is 8
2013-09-27 08:09:28,984 [New I/O client worker #76-8] INFO  o.e.m.c.i.e.AbstractTransferListenerAdapter - Downloaded http://repo.maven.apache.org/maven2/myeclipse-reports/dteapi/2.5.0/dteapi-2.5.0.jar
2013-09-27 08:09:28,984 [Worker-4] INFO  o.e.m.c.i.embedder.EclipseLogger - Installing C:\Documents and Settings\User\MyEclipse Professional 2014\configuration\org.eclipse.osgi\bundles\124\1\.cp\data\2.5\dteapi.jar to C:\Documents and Settings\User\.m2\repository\myeclipse-reports\dteapi\2.5.0\dteapi-2.5.0.jar
2013-09-27 08:09:29,015 [Worker-4] INFO  o.e.m.c.i.embedder.EclipseLogger - Installing C:\DOCUME~1\User\LOCALS~1\Temp\mvninstall1923343548193157293.pom to C:\Documents and Settings\User\.m2\repository\myeclipse-reports\dteapi\2.5.0\dteapi-2.5.0.pom
2013-09-27 08:09:29,015 [Worker-4] INFO  c.n.h.c.p.n.NettyAsyncHttpProvider - Number of application's worked threads is 8
2013-09-27 08:09:29,046 [New I/O client worker #77-2] INFO  o.e.m.c.i.e.AbstractTransferListenerAdapter - Downloading http://repo.maven.apache.org/maven2/myeclipse-reports/engineapi/2.5.0/engineapi-2.5.0.jar
2013-09-27 08:09:29,062 [New I/O client worker #77-2] INFO  o.e.m.c.i.e.AbstractTransferListenerAdapter - Downloaded http://repo.maven.apache.org/maven2/myeclipse-reports/engineapi/2.5.0/engineapi-2.5.0.jar
2013-09-27 08:09:29,343 [Worker-4] INFO  c.n.h.c.p.n.NettyAsyncHttpProvider - Number of application's worked threads is 8
2013-09-27 08:09:29,375 [New I/O client worker #78-8] INFO  o.e.m.c.i.e.AbstractTransferListenerAdapter - Downloaded http://repo.maven.apache.org/maven2/myeclipse-reports/modelapi/2.5.0/modelapi-2.5.0.jar
2013-09-27 08:09:29,421 [Worker-4] INFO  o.e.m.c.i.embedder.EclipseLogger - Installing C:\Documents and Settings\User\MyEclipse Professional 2014\configuration\org.eclipse.osgi\bundles\124\1\.cp\data\2.5\modelapi.jar to C:\Documents and Settings\User\.m2\repository\myeclipse-reports\modelapi\2.5.0\modelapi-2.5.0.jar
2013-09-27 08:09:29,734 [Worker-4] INFO  o.e.m.c.i.embedder.EclipseLogger - Installing C:\DOCUME~1\User\LOCALS~1\Temp\mvninstall7200697520792343939.pom to C:\Documents and Settings\User\.m2\repository\myeclipse-reports\modelapi\2.5.0\modelapi-2.5.0.pom
2013-09-27 08:09:29,750 [Worker-4] INFO  c.n.h.c.p.n.NettyAsyncHttpProvider - Number of application's worked threads is 8
2013-09-27 08:09:29,765 [New I/O client worker #79-8] INFO  o.e.m.c.i.e.AbstractTransferListenerAdapter - Downloaded http://repo.maven.apache.org/maven2/myeclipse-reports/scriptapi/2.5.0/scriptapi-2.5.0.jar
2013-09-27 08:09:29,781 [Worker-4] INFO  o.e.m.c.i.embedder.EclipseLogger - Installing C:\Documents and Settings\User\MyEclipse Professional 2014\configuration\org.eclipse.osgi\bundles\124\1\.cp\data\2.5\scriptapi.jar to C:\Documents and Settings\User\.m2\repository\myeclipse-reports\scriptapi\2.5.0\scriptapi-2.5.0.jar
2013-09-27 08:09:29,796 [Worker-4] INFO  o.e.m.c.i.embedder.EclipseLogger - Installing C:\DOCUME~1\User\LOCALS~1\Temp\mvninstall3097539050302412457.pom to C:\Documents and Settings\User\.m2\repository\myeclipse-reports\scriptapi\2.5.0\scriptapi-2.5.0.pom
2013-09-27 08:09:29,796 [Worker-4] INFO  c.n.h.c.p.n.NettyAsyncHttpProvider - Number of application's worked threads is 8
2013-09-27 08:09:29,859 [New I/O client worker #80-8] INFO  o.e.m.c.i.e.AbstractTransferListenerAdapter - Downloading http://repo.maven.apache.org/maven2/myeclipse-reports/viewservlets/2.5.0/viewservlets-2.5.0.jar
2013-09-27 08:09:29,875 [New I/O client worker #80-8] INFO  o.e.m.c.i.e.AbstractTransferListenerAdapter - Downloaded http://repo.maven.apache.org/maven2/myeclipse-reports/viewservlets/2.5.0/viewservlets-2.5.0.jar
2013-09-27 08:09:29,953 [Worker-4] INFO  c.n.h.c.p.n.NettyAsyncHttpProvider - Number of application's worked threads is 8
2013-09-27 08:09:29,984 [New I/O client worker #81-8] INFO  o.e.m.c.i.e.AbstractTransferListenerAdapter - Downloaded http://repo.maven.apache.org/maven2/myeclipse-reports/crosstabcoreapi/2.5.0/crosstabcoreapi-2.5.0.jar
2013-09-27 08:09:30,000 [Worker-4] INFO  o.e.m.c.i.embedder.EclipseLogger - Installing C:\Documents and Settings\User\MyEclipse Professional 2014\configuration\org.eclipse.osgi\bundles\124\1\.cp\data\2.5\crosstabcoreapi.jar to C:\Documents and Settings\User\.m2\repository\myeclipse-reports\crosstabcoreapi\2.5.0\crosstabcoreapi-2.5.0.jar
2013-09-27 08:09:30,031 [Worker-4] INFO  o.e.m.c.i.embedder.EclipseLogger - Installing C:\DOCUME~1\User\LOCALS~1\Temp\mvninstall5405030217166725206.pom to C:\Documents and Settings\User\.m2\repository\myeclipse-reports\crosstabcoreapi\2.5.0\crosstabcoreapi-2.5.0.pom
2013-09-27 08:09:30,031 [Worker-4] INFO  c.n.h.c.p.n.NettyAsyncHttpProvider - Number of application's worked threads is 8
2013-09-27 08:09:30,171 [New I/O client worker #82-2] INFO  o.e.m.c.i.e.AbstractTransferListenerAdapter - Downloading http://repo.maven.apache.org/maven2/myeclipse-reports/dataaggregationapi/2.5.0/dataaggregationapi-2.5.0.jar
2013-09-27 08:09:30,171 [New I/O client worker #82-2] INFO  o.e.m.c.i.e.AbstractTransferListenerAdapter - Downloaded http://repo.maven.apache.org/maven2/myeclipse-reports/dataaggregationapi/2.5.0/dataaggregationapi-2.5.0.jar
2013-09-27 08:09:30,343 [Worker-4] INFO  c.n.h.c.p.n.NettyAsyncHttpProvider - Number of application's worked threads is 8
2013-09-27 08:09:30,375 [New I/O client worker #83-8] INFO  o.e.m.c.i.e.AbstractTransferListenerAdapter - Downloaded http://repo.maven.apache.org/maven2/myeclipse-reports/modelodaapi/2.5.0/modelodaapi-2.5.0.jar
2013-09-27 08:09:30,375 [Worker-4] INFO  o.e.m.c.i.embedder.EclipseLogger - Installing C:\Documents and Settings\User\MyEclipse Professional 2014\configuration\org.eclipse.osgi\bundles\124\1\.cp\data\2.5\modelodaapi.jar to C:\Documents and Settings\User\.m2\repository\myeclipse-reports\modelodaapi\2.5.0\modelodaapi-2.5.0.jar
2013-09-27 08:09:30,468 [Worker-4] INFO  o.e.m.c.i.embedder.EclipseLogger - Installing C:\DOCUME~1\User\LOCALS~1\Temp\mvninstall5486868254527209311.pom to C:\Documents and Settings\User\.m2\repository\myeclipse-reports\modelodaapi\2.5.0\modelodaapi-2.5.0.pom
2013-09-27 08:09:30,468 [Worker-4] INFO  c.n.h.c.p.n.NettyAsyncHttpProvider - Number of application's worked threads is 8
2013-09-27 08:09:30,515 [New I/O client worker #84-8] INFO  o.e.m.c.i.e.AbstractTransferListenerAdapter - Downloaded http://repo.maven.apache.org/maven2/myeclipse-reports/odadesignapi/2.5.0/odadesignapi-2.5.0.jar
2013-09-27 08:09:30,531 [Worker-4] INFO  o.e.m.c.i.embedder.EclipseLogger - Installing C:\Documents and Settings\User\MyEclipse Professional 2014\configuration\org.eclipse.osgi\bundles\124\1\.cp\data\2.5\odadesignapi.jar to C:\Documents and Settings\User\.m2\repository\myeclipse-reports\odadesignapi\2.5.0\odadesignapi-2.5.0.jar
2013-09-27 08:09:30,546 [Worker-4] INFO  o.e.m.c.i.embedder.EclipseLogger - Installing C:\DOCUME~1\User\LOCALS~1\Temp\mvninstall6163641077170442714.pom to C:\Documents and Settings\User\.m2\repository\myeclipse-reports\odadesignapi\2.5.0\odadesignapi-2.5.0.pom
2013-09-27 08:09:30,546 [Worker-4] INFO  c.n.h.c.p.n.NettyAsyncHttpProvider - Number of application's worked threads is 8
2013-09-27 08:09:30,593 [New I/O client worker #85-8] INFO  o.e.m.c.i.e.AbstractTransferListenerAdapter - Downloaded http://repo.maven.apache.org/maven2/myeclipse-reports/dataextraction/2.5.0/dataextraction-2.5.0.jar
2013-09-27 08:09:30,593 [Worker-4] INFO  o.e.m.c.i.embedder.EclipseLogger - Installing C:\Documents and Settings\User\MyEclipse Professional 2014\configuration\org.eclipse.osgi\bundles\124\1\.cp\data\2.5\dataextraction.jar to C:\Documents and Settings\User\.m2\repository\myeclipse-reports\dataextraction\2.5.0\dataextraction-2.5.0.jar
2013-09-27 08:09:30,671 [Worker-4] INFO  o.e.m.c.i.embedder.EclipseLogger - Installing C:\DOCUME~1\User\LOCALS~1\Temp\mvninstall2045505034677745715.pom to C:\Documents and Settings\User\.m2\repository\myeclipse-reports\dataextraction\2.5.0\dataextraction-2.5.0.pom
2013-09-27 08:09:30,671 [Worker-4] INFO  c.n.h.c.p.n.NettyAsyncHttpProvider - Number of application's worked threads is 8
2013-09-27 08:09:30,687 [New I/O client worker #86-8] INFO  o.e.m.c.i.e.AbstractTransferListenerAdapter - Downloaded http://repo.maven.apache.org/maven2/myeclipse-reports/emitterconfig/2.5.0/emitterconfig-2.5.0.jar
2013-09-27 08:09:30,703 [Worker-4] INFO  o.e.m.c.i.embedder.EclipseLogger - Installing C:\Documents and Settings\User\MyEclipse Professional 2014\configuration\org.eclipse.osgi\bundles\124\1\.cp\data\2.5\emitterconfig.jar to C:\Documents and Settings\User\.m2\repository\myeclipse-reports\emitterconfig\2.5.0\emitterconfig-2.5.0.jar
2013-09-27 08:09:30,734 [Worker-4] INFO  o.e.m.c.i.embedder.EclipseLogger - Installing C:\DOCUME~1\User\LOCALS~1\Temp\mvninstall910732645871924068.pom to C:\Documents and Settings\User\.m2\repository\myeclipse-reports\emitterconfig\2.5.0\emitterconfig-2.5.0.pom
2013-09-27 08:09:30,734 [Worker-4] INFO  c.n.h.c.p.n.NettyAsyncHttpProvider - Number of application's worked threads is 8
2013-09-27 08:09:30,890 [New I/O client worker #87-8] INFO  o.e.m.c.i.e.AbstractTransferListenerAdapter - Downloading http://repo.maven.apache.org/maven2/myeclipse-reports/chartengineapi/2.5.2/chartengineapi-2.5.2.jar
2013-09-27 08:09:30,890 [New I/O client worker #87-8] INFO  o.e.m.c.i.e.AbstractTransferListenerAdapter - Downloaded http://repo.maven.apache.org/maven2/myeclipse-reports/chartengineapi/2.5.2/chartengineapi-2.5.2.jar
2013-09-27 08:09:30,968 [Worker-4] INFO  c.n.h.c.p.n.NettyAsyncHttpProvider - Number of application's worked threads is 8
2013-09-27 08:09:31,171 [New I/O client worker #88-2] INFO  o.e.m.c.i.e.AbstractTransferListenerAdapter - Downloading http://repo.maven.apache.org/maven2/myeclipse-reports/chartitemapi/2.5.2/chartitemapi-2.5.2.jar
2013-09-27 08:09:31,171 [New I/O client worker #88-2] INFO  o.e.m.c.i.e.AbstractTransferListenerAdapter - Downloaded http://repo.maven.apache.org/maven2/myeclipse-reports/chartitemapi/2.5.2/chartitemapi-2.5.2.jar
2013-09-27 08:09:34,171 [Worker-4] INFO  c.n.h.c.p.n.NettyAsyncHttpProvider - Number of application's worked threads is 8
2013-09-27 08:09:34,250 [New I/O client worker #89-2] INFO  o.e.m.c.i.e.AbstractTransferListenerAdapter - Downloading http://repo.maven.apache.org/maven2/myeclipse-reports/coreapi/2.5.2/coreapi-2.5.2.jar
2013-09-27 08:09:34,265 [New I/O client worker #89-2] INFO  o.e.m.c.i.e.AbstractTransferListenerAdapter - Downloaded http://repo.maven.apache.org/maven2/myeclipse-reports/coreapi/2.5.2/coreapi-2.5.2.jar
2013-09-27 08:09:34,312 [Worker-4] INFO  c.n.h.c.p.n.NettyAsyncHttpProvider - Number of application's worked threads is 8
2013-09-27 08:09:34,500 [New I/O client worker #90-2] INFO  o.e.m.c.i.e.AbstractTransferListenerAdapter - Downloading http://repo.maven.apache.org/maven2/myeclipse-reports/dataadapterapi/2.5.2/dataadapterapi-2.5.2.jar
2013-09-27 08:09:34,515 [New I/O client worker #90-2] INFO  o.e.m.c.i.e.AbstractTransferListenerAdapter - Downloaded http://repo.maven.apache.org/maven2/myeclipse-reports/dataadapterapi/2.5.2/dataadapterapi-2.5.2.jar
2013-09-27 08:09:34,593 [Worker-4] INFO  c.n.h.c.p.n.NettyAsyncHttpProvider - Number of application's worked threads is 8
2013-09-27 08:09:34,734 [New I/O client worker #91-2] INFO  o.e.m.c.i.e.AbstractTransferListenerAdapter - Downloading http://repo.maven.apache.org/maven2/myeclipse-reports/dteapi/2.5.2/dteapi-2.5.2.jar
2013-09-27 08:09:34,734 [New I/O client worker #91-2] INFO  o.e.m.c.i.e.AbstractTransferListenerAdapter - Downloaded http://repo.maven.apache.org/maven2/myeclipse-reports/dteapi/2.5.2/dteapi-2.5.2.jar
2013-09-27 08:09:34,890 [Worker-4] INFO  c.n.h.c.p.n.NettyAsyncHttpProvider - Number of application's worked threads is 8
2013-09-27 08:09:34,906 [New I/O client worker #92-8] INFO  o.e.m.c.i.e.AbstractTransferListenerAdapter - Downloaded http://repo.maven.apache.org/maven2/myeclipse-reports/engineapi/2.5.2/engineapi-2.5.2.jar
2013-09-27 08:09:34,937 [Worker-4] INFO  o.e.m.c.i.embedder.EclipseLogger - Installing C:\Documents and Settings\User\MyEclipse Professional 2014\configuration\org.eclipse.osgi\bundles\124\1\.cp\data\2.5.2\engineapi.jar to C:\Documents and Settings\User\.m2\repository\myeclipse-reports\engineapi\2.5.2\engineapi-2.5.2.jar
2013-09-27 08:09:34,953 [Worker-4] INFO  o.e.m.c.i.embedder.EclipseLogger - Installing C:\DOCUME~1\User\LOCALS~1\Temp\mvninstall3057419748065238113.pom to C:\Documents and Settings\User\.m2\repository\myeclipse-reports\engineapi\2.5.2\engineapi-2.5.2.pom
2013-09-27 08:09:34,968 [Worker-4] INFO  c.n.h.c.p.n.NettyAsyncHttpProvider - Number of application's worked threads is 8
2013-09-27 08:09:34,984 [New I/O client worker #93-8] INFO  o.e.m.c.i.e.AbstractTransferListenerAdapter - Downloaded http://repo.maven.apache.org/maven2/myeclipse-reports/modelapi/2.5.2/modelapi-2.5.2.jar
2013-09-27 08:09:35,000 [Worker-4] INFO  o.e.m.c.i.embedder.EclipseLogger - Installing C:\Documents and Settings\User\MyEclipse Professional 2014\configuration\org.eclipse.osgi\bundles\124\1\.cp\data\2.5.2\modelapi.jar to C:\Documents and Settings\User\.m2\repository\myeclipse-reports\modelapi\2.5.2\modelapi-2.5.2.jar
2013-09-27 08:09:35,265 [Worker-4] INFO  o.e.m.c.i.embedder.EclipseLogger - Installing C:\DOCUME~1\User\LOCALS~1\Temp\mvninstall8295515539389412434.pom to C:\Documents and Settings\User\.m2\repository\myeclipse-reports\modelapi\2.5.2\modelapi-2.5.2.pom
2013-09-27 08:09:35,281 [Worker-4] INFO  c.n.h.c.p.n.NettyAsyncHttpProvider - Number of application's worked threads is 8
2013-09-27 08:09:35,312 [New I/O client worker #94-8] INFO  o.e.m.c.i.e.AbstractTransferListenerAdapter - Downloaded http://repo.maven.apache.org/maven2/myeclipse-reports/scriptapi/2.5.2/scriptapi-2.5.2.jar
2013-09-27 08:09:35,312 [Worker-4] INFO  o.e.m.c.i.embedder.EclipseLogger - Installing C:\Documents and Settings\User\MyEclipse Professional 2014\configuration\org.eclipse.osgi\bundles\124\1\.cp\data\2.5.2\scriptapi.jar to C:\Documents and Settings\User\.m2\repository\myeclipse-reports\scriptapi\2.5.2\scriptapi-2.5.2.jar
2013-09-27 08:09:35,390 [Worker-4] INFO  o.e.m.c.i.embedder.EclipseLogger - Installing C:\DOCUME~1\User\LOCALS~1\Temp\mvninstall7064854322371816039.pom to C:\Documents and Settings\User\.m2\repository\myeclipse-reports\scriptapi\2.5.2\scriptapi-2.5.2.pom
2013-09-27 08:09:35,390 [Worker-4] INFO  c.n.h.c.p.n.NettyAsyncHttpProvider - Number of application's worked threads is 8
2013-09-27 08:09:35,421 [New I/O client worker #95-8] INFO  o.e.m.c.i.e.AbstractTransferListenerAdapter - Downloaded http://repo.maven.apache.org/maven2/myeclipse-reports/viewservlets/2.5.2/viewservlets-2.5.2.jar
2013-09-27 08:09:35,421 [Worker-4] INFO  o.e.m.c.i.embedder.EclipseLogger - Installing C:\Documents and Settings\User\MyEclipse Professional 2014\configuration\org.eclipse.osgi\bundles\124\1\.cp\data\2.5.2\viewservlets.jar to C:\Documents and Settings\User\.m2\repository\myeclipse-reports\viewservlets\2.5.2\viewservlets-2.5.2.jar
2013-09-27 08:09:35,453 [Worker-4] INFO  o.e.m.c.i.embedder.EclipseLogger - Installing C:\DOCUME~1\User\LOCALS~1\Temp\mvninstall3428035882531120688.pom to C:\Documents and Settings\User\.m2\repository\myeclipse-reports\viewservlets\2.5.2\viewservlets-2.5.2.pom
2013-09-27 08:09:35,468 [Worker-4] INFO  c.n.h.c.p.n.NettyAsyncHttpProvider - Number of application's worked threads is 8
2013-09-27 08:09:35,484 [New I/O client worker #96-8] INFO  o.e.m.c.i.e.AbstractTransferListenerAdapter - Downloaded http://repo.maven.apache.org/maven2/myeclipse-reports/crosstabcoreapi/2.5.2/crosstabcoreapi-2.5.2.jar
2013-09-27 08:09:35,484 [Worker-4] INFO  o.e.m.c.i.embedder.EclipseLogger - Installing C:\Documents and Settings\User\MyEclipse Professional 2014\configuration\org.eclipse.osgi\bundles\124\1\.cp\data\2.5.2\crosstabcoreapi.jar to C:\Documents and Settings\User\.m2\repository\myeclipse-reports\crosstabcoreapi\2.5.2\crosstabcoreapi-2.5.2.jar
2013-09-27 08:09:35,515 [Worker-4] INFO  o.e.m.c.i.embedder.EclipseLogger - Installing C:\DOCUME~1\User\LOCALS~1\Temp\mvninstall101478705096816015.pom to C:\Documents and Settings\User\.m2\repository\myeclipse-reports\crosstabcoreapi\2.5.2\crosstabcoreapi-2.5.2.pom
2013-09-27 08:09:35,515 [Worker-4] INFO  c.n.h.c.p.n.NettyAsyncHttpProvider - Number of application's worked threads is 8
2013-09-27 08:09:35,531 [New I/O client worker #97-8] INFO  o.e.m.c.i.e.AbstractTransferListenerAdapter - Downloaded http://repo.maven.apache.org/maven2/myeclipse-reports/dataaggregationapi/2.5.2/dataaggregationapi-2.5.2.jar
2013-09-27 08:09:35,546 [Worker-4] INFO  o.e.m.c.i.embedder.EclipseLogger - Installing C:\Documents and Settings\User\MyEclipse Professional 2014\configuration\org.eclipse.osgi\bundles\124\1\.cp\data\2.5.2\dataaggregationapi.jar to C:\Documents and Settings\User\.m2\repository\myeclipse-reports\dataaggregationapi\2.5.2\dataaggregationapi-2.5.2.jar
2013-09-27 08:09:35,578 [Worker-4] INFO  o.e.m.c.i.embedder.EclipseLogger - Installing C:\DOCUME~1\User\LOCALS~1\Temp\mvninstall6241437771864149422.pom to C:\Documents and Settings\User\.m2\repository\myeclipse-reports\dataaggregationapi\2.5.2\dataaggregationapi-2.5.2.pom
2013-09-27 08:09:35,578 [Worker-4] INFO  c.n.h.c.p.n.NettyAsyncHttpProvider - Number of application's worked threads is 8
2013-09-27 08:09:35,656 [New I/O client worker #98-8] INFO  o.e.m.c.i.e.AbstractTransferListenerAdapter - Downloaded http://repo.maven.apache.org/maven2/myeclipse-reports/modelodaapi/2.5.2/modelodaapi-2.5.2.jar
2013-09-27 08:09:35,671 [Worker-4] INFO  o.e.m.c.i.embedder.EclipseLogger - Installing C:\Documents and Settings\User\MyEclipse Professional 2014\configuration\org.eclipse.osgi\bundles\124\1\.cp\data\2.5.2\modelodaapi.jar to C:\Documents and Settings\User\.m2\repository\myeclipse-reports\modelodaapi\2.5.2\modelodaapi-2.5.2.jar
2013-09-27 08:09:35,687 [Worker-4] INFO  o.e.m.c.i.embedder.EclipseLogger - Installing C:\DOCUME~1\User\LOCALS~1\Temp\mvninstall8226408336358589982.pom to C:\Documents and Settings\User\.m2\repository\myeclipse-reports\modelodaapi\2.5.2\modelodaapi-2.5.2.pom
2013-09-27 08:09:35,703 [Worker-4] INFO  c.n.h.c.p.n.NettyAsyncHttpProvider - Number of application's worked threads is 8
2013-09-27 08:09:35,812 [New I/O client worker #99-2] INFO  o.e.m.c.i.e.AbstractTransferListenerAdapter - Downloading http://repo.maven.apache.org/maven2/myeclipse-reports/odadesignapi/2.5.2/odadesignapi-2.5.2.jar
2013-09-27 08:09:35,828 [New I/O client worker #99-2] INFO  o.e.m.c.i.e.AbstractTransferListenerAdapter - Downloaded http://repo.maven.apache.org/maven2/myeclipse-reports/odadesignapi/2.5.2/odadesignapi-2.5.2.jar
2013-09-27 08:09:35,890 [Worker-4] INFO  c.n.h.c.p.n.NettyAsyncHttpProvider - Number of application's worked threads is 8
2013-09-27 08:09:35,921 [New I/O client worker #100-8] INFO  o.e.m.c.i.e.AbstractTransferListenerAdapter - Downloaded http://repo.maven.apache.org/maven2/myeclipse-reports/dataextraction/2.5.2/dataextraction-2.5.2.jar
2013-09-27 08:09:35,937 [Worker-4] INFO  o.e.m.c.i.embedder.EclipseLogger - Installing C:\Documents and Settings\User\MyEclipse Professional 2014\configuration\org.eclipse.osgi\bundles\124\1\.cp\data\2.5.2\dataextraction.jar to C:\Documents and Settings\User\.m2\repository\myeclipse-reports\dataextraction\2.5.2\dataextraction-2.5.2.jar
2013-09-27 08:09:36,000 [Worker-4] INFO  o.e.m.c.i.embedder.EclipseLogger - Installing C:\DOCUME~1\User\LOCALS~1\Temp\mvninstall626645263830811677.pom to C:\Documents and Settings\User\.m2\repository\myeclipse-reports\dataextraction\2.5.2\dataextraction-2.5.2.pom
2013-09-27 08:09:36,000 [Worker-4] INFO  c.n.h.c.p.n.NettyAsyncHttpProvider - Number of application's worked threads is 8
2013-09-27 08:09:36,140 [New I/O client worker #101-2] INFO  o.e.m.c.i.e.AbstractTransferListenerAdapter - Downloading http://repo.maven.apache.org/maven2/myeclipse-reports/emitterconfig/2.5.2/emitterconfig-2.5.2.jar
2013-09-27 08:09:36,140 [New I/O client worker #101-2] INFO  o.e.m.c.i.e.AbstractTransferListenerAdapter - Downloaded http://repo.maven.apache.org/maven2/myeclipse-reports/emitterconfig/2.5.2/emitterconfig-2.5.2.jar
2013-09-27 08:09:36,296 [Worker-4] INFO  c.n.h.c.p.n.NettyAsyncHttpProvider - Number of application's worked threads is 8
2013-09-27 08:09:36,328 [New I/O client worker #102-8] INFO  o.e.m.c.i.e.AbstractTransferListenerAdapter - Downloaded http://repo.maven.apache.org/maven2/myeclipse/org.eclipse.emf.common/2.5.0/org.eclipse.emf.common-2.5.0.jar
2013-09-27 08:09:36,328 [Worker-4] INFO  o.e.m.c.i.embedder.EclipseLogger - Installing C:\Documents and Settings\User\MyEclipse Professional 2014\configuration\org.eclipse.osgi\bundles\124\1\.cp\data\2.5\org.eclipse.emf.common_2.5.0.v200906151043.jar to C:\Documents and Settings\User\.m2\repository\myeclipse\org.eclipse.emf.common\2.5.0\org.eclipse.emf.common-2.5.0.jar
2013-09-27 08:09:36,359 [Worker-4] INFO  o.e.m.c.i.embedder.EclipseLogger - Installing C:\DOCUME~1\User\LOCALS~1\Temp\mvninstall7492960411226036833.pom to C:\Documents and Settings\User\.m2\repository\myeclipse\org.eclipse.emf.common\2.5.0\org.eclipse.emf.common-2.5.0.pom
2013-09-27 08:09:36,359 [Worker-4] INFO  c.n.h.c.p.n.NettyAsyncHttpProvider - Number of application's worked threads is 8
2013-09-27 08:09:36,375 [New I/O client worker #103-8] INFO  o.e.m.c.i.e.AbstractTransferListenerAdapter - Downloaded http://repo.maven.apache.org/maven2/myeclipse/org.eclipse.emf.ecore/2.5.0/org.eclipse.emf.ecore-2.5.0.jar
2013-09-27 08:09:36,406 [Worker-4] INFO  o.e.m.c.i.embedder.EclipseLogger - Installing C:\Documents and Settings\User\MyEclipse Professional 2014\configuration\org.eclipse.osgi\bundles\124\1\.cp\data\2.5\org.eclipse.emf.ecore_2.5.0.v200906151043.jar to C:\Documents and Settings\User\.m2\repository\myeclipse\org.eclipse.emf.ecore\2.5.0\org.eclipse.emf.ecore-2.5.0.jar
2013-09-27 08:09:36,453 [Worker-4] INFO  o.e.m.c.i.embedder.EclipseLogger - Installing C:\DOCUME~1\User\LOCALS~1\Temp\mvninstall4651559783056414430.pom to C:\Documents and Settings\User\.m2\repository\myeclipse\org.eclipse.emf.ecore\2.5.0\org.eclipse.emf.ecore-2.5.0.pom
2013-09-27 08:09:36,468 [Worker-4] INFO  c.n.h.c.p.n.NettyAsyncHttpProvider - Number of application's worked threads is 8
2013-09-27 08:09:36,656 [New I/O client worker #104-2] INFO  o.e.m.c.i.e.AbstractTransferListenerAdapter - Downloading http://repo.maven.apache.org/maven2/myeclipse/org.eclipse.emf.ecore.xmi/2.5.0/org.eclipse.emf.ecore.xmi-2.5.0.jar
2013-09-27 08:09:36,671 [New I/O client worker #104-2] INFO  o.e.m.c.i.e.AbstractTransferListenerAdapter - Downloaded http://repo.maven.apache.org/maven2/myeclipse/org.eclipse.emf.ecore.xmi/2.5.0/org.eclipse.emf.ecore.xmi-2.5.0.jar
2013-09-27 08:09:36,718 [Worker-4] INFO  c.n.h.c.p.n.NettyAsyncHttpProvider - Number of application's worked threads is 8
2013-09-27 08:09:36,750 [New I/O client worker #105-8] INFO  o.e.m.c.i.e.AbstractTransferListenerAdapter - Downloaded http://repo.maven.apache.org/maven2/com/sun/jersey/jersey-multipart/1.0.3.1/jersey-multipart-1.0.3.1.jar
2013-09-27 08:09:36,750 [Worker-4] INFO  o.e.m.c.i.embedder.EclipseLogger - Installing C:\Documents and Settings\User\MyEclipse Professional 2014\plugins\com.genuitec.eclipse.ws_11.5.0.me201311281640\lib\jersey\1.0\jersey-multipart-1.0.3.1.jar to C:\Documents and Settings\User\.m2\repository\com\sun\jersey\jersey-multipart\1.0.3.1\jersey-multipart-1.0.3.1.jar
2013-09-27 08:09:36,796 [Worker-4] INFO  o.e.m.c.i.embedder.EclipseLogger - Installing C:\DOCUME~1\User\LOCALS~1\Temp\mvninstall4125689728305311472.pom to C:\Documents and Settings\User\.m2\repository\com\sun\jersey\jersey-multipart\1.0.3.1\jersey-multipart-1.0.3.1.pom
2013-09-27 08:09:36,796 [Worker-4] INFO  c.n.h.c.p.n.NettyAsyncHttpProvider - Number of application's worked threads is 8
2013-09-27 08:09:36,828 [New I/O client worker #106-8] INFO  o.e.m.c.i.e.AbstractTransferListenerAdapter - Downloaded http://repo.maven.apache.org/maven2/com/sun/jersey/jersey-multipart/1.4/jersey-multipart-1.4.jar
2013-09-27 08:09:36,828 [Worker-4] INFO  o.e.m.c.i.embedder.EclipseLogger - Installing C:\Documents and Settings\User\MyEclipse Professional 2014\plugins\com.genuitec.eclipse.ws_11.5.0.me201311281640\lib\jersey\1.4\jersey-multipart-1.4.jar to C:\Documents and Settings\User\.m2\repository\com\sun\jersey\jersey-multipart\1.4\jersey-multipart-1.4.jar
2013-09-27 08:09:36,859 [Worker-4] INFO  o.e.m.c.i.embedder.EclipseLogger - Installing C:\DOCUME~1\User\LOCALS~1\Temp\mvninstall1055900455476526469.pom to C:\Documents and Settings\User\.m2\repository\com\sun\jersey\jersey-multipart\1.4\jersey-multipart-1.4.pom
2013-09-27 08:09:36,875 [Worker-4] INFO  c.n.h.c.p.n.NettyAsyncHttpProvider - Number of application's worked threads is 8
2013-09-27 08:09:36,890 [New I/O client worker #107-8] INFO  o.e.m.c.i.e.AbstractTransferListenerAdapter - Downloaded http://repo.maven.apache.org/maven2/com/sun/webservices-extra/1.1/webservices-extra-1.1.jar
2013-09-27 08:09:36,890 [Worker-4] INFO  o.e.m.c.i.embedder.EclipseLogger - Installing C:\Documents and Settings\User\MyEclipse Professional 2014\plugins\com.genuitec.eclipse.ws.xfire_11.5.0.me201311050147\lib\webservices-extra.jar to C:\Documents and Settings\User\.m2\repository\com\sun\webservices-extra\1.1\webservices-extra-1.1.jar
2013-09-27 08:09:36,953 [Worker-4] INFO  o.e.m.c.i.embedder.EclipseLogger - Installing C:\DOCUME~1\User\LOCALS~1\Temp\mvninstall360314679180342179.pom to C:\Documents and Settings\User\.m2\repository\com\sun\webservices-extra\1.1\webservices-extra-1.1.pom
2013-09-27 08:09:36,953 [Worker-4] INFO  c.n.h.c.p.n.NettyAsyncHttpProvider - Number of application's worked threads is 8
2013-09-27 08:09:37,062 [New I/O client worker #108-6] INFO  o.e.m.c.i.e.AbstractTransferListenerAdapter - Downloading http://repo.maven.apache.org/maven2/com/sun/webservices-rt/1.1/webservices-rt-1.1.jar
2013-09-27 08:09:37,062 [New I/O client worker #108-6] INFO  o.e.m.c.i.e.AbstractTransferListenerAdapter - Downloaded http://repo.maven.apache.org/maven2/com/sun/webservices-rt/1.1/webservices-rt-1.1.jar
2013-09-27 08:09:37,703 [Worker-4] ERROR o.e.m.c.i.i.n.ArtifactScanningMonitor - \org\hibernate\hibernate\3.3.2\hibernate-3.3.2.pom error in opening zip file
2013-09-27 08:09:37,703 [Worker-4] ERROR o.e.m.c.i.i.n.ArtifactScanningMonitor - \org\eclipse\persistence\javax.persistence\1.0.0\javax.persistence-1.0.0.pom error in opening zip file
2013-09-27 08:09:37,781 [Worker-4] ERROR o.e.m.c.i.i.n.ArtifactScanningMonitor - \myeclipse-reports\viewservlets\2.5.0\viewservlets-2.5.0.pom error in opening zip file
2013-09-27 08:09:37,781 [Worker-4] ERROR o.e.m.c.i.i.n.ArtifactScanningMonitor - \myeclipse-reports\viewservlets\2.3.0\viewservlets-2.3.0.pom error in opening zip file
2013-09-27 08:09:37,781 [Worker-4] ERROR o.e.m.c.i.i.n.ArtifactScanningMonitor - \myeclipse-reports\viewservlets\2.2.0\viewservlets-2.2.0.pom error in opening zip file
2013-09-27 08:09:37,781 [Worker-4] ERROR o.e.m.c.i.i.n.ArtifactScanningMonitor - \myeclipse-reports\scriptapi\2.3.0\scriptapi-2.3.0.pom error in opening zip file
2013-09-27 08:09:37,781 [Worker-4] ERROR o.e.m.c.i.i.n.ArtifactScanningMonitor - \myeclipse-reports\scriptapi\2.2.0\scriptapi-2.2.0.pom error in opening zip file
2013-09-27 08:09:37,781 [Worker-4] ERROR o.e.m.c.i.i.n.ArtifactScanningMonitor - \myeclipse-reports\odadesignapi\2.5.2\odadesignapi-2.5.2.pom error in opening zip file
2013-09-27 08:09:37,796 [Worker-4] ERROR o.e.m.c.i.i.n.ArtifactScanningMonitor - \myeclipse-reports\modelodaapi\2.3.0\modelodaapi-2.3.0.pom error in opening zip file
2013-09-27 08:09:37,796 [Worker-4] ERROR o.e.m.c.i.i.n.ArtifactScanningMonitor - \myeclipse-reports\modelapi\2.3.0\modelapi-2.3.0.pom error in opening zip file
2013-09-27 08:09:37,796 [Worker-4] ERROR o.e.m.c.i.i.n.ArtifactScanningMonitor - \myeclipse-reports\modelapi\2.2.0\modelapi-2.2.0.pom error in opening zip file
2013-09-27 08:09:37,796 [Worker-4] ERROR o.e.m.c.i.i.n.ArtifactScanningMonitor - \myeclipse-reports\engineapi\2.5.0\engineapi-2.5.0.pom error in opening zip file
2013-09-27 08:09:37,796 [Worker-4] ERROR o.e.m.c.i.i.n.ArtifactScanningMonitor - \myeclipse-reports\engineapi\2.3.0\engineapi-2.3.0.pom error in opening zip file
2013-09-27 08:09:37,796 [Worker-4] ERROR o.e.m.c.i.i.n.ArtifactScanningMonitor - \myeclipse-reports\engineapi\2.2.0\engineapi-2.2.0.pom error in opening zip file
2013-09-27 08:09:37,796 [Worker-4] ERROR o.e.m.c.i.i.n.ArtifactScanningMonitor - \myeclipse-reports\emitterconfig\2.5.2\emitterconfig-2.5.2.pom error in opening zip file
2013-09-27 08:09:37,796 [Worker-4] ERROR o.e.m.c.i.i.n.ArtifactScanningMonitor - \myeclipse-reports\dteapi\2.5.2\dteapi-2.5.2.pom error in opening zip file
2013-09-27 08:09:37,796 [Worker-4] ERROR o.e.m.c.i.i.n.ArtifactScanningMonitor - \myeclipse-reports\dteapi\2.3.0\dteapi-2.3.0.pom error in opening zip file
2013-09-27 08:09:37,796 [Worker-4] ERROR o.e.m.c.i.i.n.ArtifactScanningMonitor - \myeclipse-reports\dteapi\2.2.0\dteapi-2.2.0.pom error in opening zip file
2013-09-27 08:09:37,796 [Worker-4] ERROR o.e.m.c.i.i.n.ArtifactScanningMonitor - \myeclipse-reports\dataextraction\2.3.0\dataextraction-2.3.0.pom error in opening zip file
2013-09-27 08:09:37,812 [Worker-4] ERROR o.e.m.c.i.i.n.ArtifactScanningMonitor - \myeclipse-reports\dataaggregationapi\2.5.0\dataaggregationapi-2.5.0.pom error in opening zip file
2013-09-27 08:09:37,812 [Worker-4] ERROR o.e.m.c.i.i.n.ArtifactScanningMonitor - \myeclipse-reports\dataadapterapi\2.5.2\dataadapterapi-2.5.2.pom error in opening zip file
2013-09-27 08:09:37,812 [Worker-4] ERROR o.e.m.c.i.i.n.ArtifactScanningMonitor - \myeclipse-reports\dataadapterapi\2.3.0\dataadapterapi-2.3.0.pom error in opening zip file
2013-09-27 08:09:37,812 [Worker-4] ERROR o.e.m.c.i.i.n.ArtifactScanningMonitor - \myeclipse-reports\dataadapterapi\2.2.0\dataadapterapi-2.2.0.pom error in opening zip file
2013-09-27 08:09:37,812 [Worker-4] ERROR o.e.m.c.i.i.n.ArtifactScanningMonitor - \myeclipse-reports\coreapi\2.5.2\coreapi-2.5.2.pom error in opening zip file
2013-09-27 08:09:37,812 [Worker-4] ERROR o.e.m.c.i.i.n.ArtifactScanningMonitor - \myeclipse-reports\coreapi\2.3.0\coreapi-2.3.0.pom error in opening zip file
2013-09-27 08:09:37,812 [Worker-4] ERROR o.e.m.c.i.i.n.ArtifactScanningMonitor - \myeclipse-reports\coreapi\2.2.0\coreapi-2.2.0.pom error in opening zip file
2013-09-27 08:09:37,812 [Worker-4] ERROR o.e.m.c.i.i.n.ArtifactScanningMonitor - \myeclipse-reports\chartitemapi\2.5.2\chartitemapi-2.5.2.pom error in opening zip file
2013-09-27 08:09:37,812 [Worker-4] ERROR o.e.m.c.i.i.n.ArtifactScanningMonitor - \myeclipse-reports\chartitemapi\2.5.0\chartitemapi-2.5.0.pom error in opening zip file
2013-09-27 08:09:37,812 [Worker-4] ERROR o.e.m.c.i.i.n.ArtifactScanningMonitor - \myeclipse-reports\chartengineapi\2.5.2\chartengineapi-2.5.2.pom error in opening zip file
2013-09-27 08:09:37,828 [Worker-4] ERROR o.e.m.c.i.i.n.ArtifactScanningMonitor - \myeclipse-reports\chartengineapi\2.2.0\chartengineapi-2.2.0.pom error in opening zip file
2013-09-27 08:09:37,828 [Worker-4] ERROR o.e.m.c.i.i.n.ArtifactScanningMonitor - \myeclipse\pluto-taglib\2.0\pluto-taglib-2.0.pom error in opening zip file
2013-09-27 08:09:37,828 [Worker-4] ERROR o.e.m.c.i.i.n.ArtifactScanningMonitor - \myeclipse\pluto-taglib\1.0.1\pluto-taglib-1.0.1.pom error in opening zip file
2013-09-27 08:09:37,828 [Worker-4] ERROR o.e.m.c.i.i.n.ArtifactScanningMonitor - \myeclipse\org.eclipse.emf.ecore.xmi\2.5.0\org.eclipse.emf.ecore.xmi-2.5.0.pom error in opening zip file
2013-09-27 08:09:37,828 [Worker-4] ERROR o.e.m.c.i.i.n.ArtifactScanningMonitor - \myeclipse\org.eclipse.emf.ecore.xmi\2.4.0\org.eclipse.emf.ecore.xmi-2.4.0.pom error in opening zip file
2013-09-27 08:09:37,828 [Worker-4] ERROR o.e.m.c.i.i.n.ArtifactScanningMonitor - \myeclipse\org.eclipse.emf.ecore.xmi\2.2.2\org.eclipse.emf.ecore.xmi-2.2.2.pom error in opening zip file
2013-09-27 08:09:37,828 [Worker-4] ERROR o.e.m.c.i.i.n.ArtifactScanningMonitor - \myeclipse\org.eclipse.emf.ecore\2.2.2\org.eclipse.emf.ecore-2.2.2.pom error in opening zip file
2013-09-27 08:09:37,828 [Worker-4] ERROR o.e.m.c.i.i.n.ArtifactScanningMonitor - \myeclipse\org.eclipse.emf.common\2.2.1\org.eclipse.emf.common-2.2.1.pom error in opening zip file
2013-09-27 08:09:37,828 [Worker-4] ERROR o.e.m.c.i.i.n.ArtifactScanningMonitor - \myeclipse\flute\1.0\flute-1.0.pom error in opening zip file
2013-09-27 08:09:37,843 [Worker-4] ERROR o.e.m.c.i.i.n.ArtifactScanningMonitor - \javax\jms\jms\1.1\jms-1.1.pom error in opening zip file
2013-09-27 08:09:37,843 [Worker-4] ERROR o.e.m.c.i.i.n.ArtifactScanningMonitor - \javassist\javassist\3.9.0\javassist-3.9.0.pom error in opening zip file
2013-09-27 08:09:37,843 [Worker-4] ERROR o.e.m.c.i.i.n.ArtifactScanningMonitor - \com\sun\webservices-rt\1.1\webservices-rt-1.1.pom error in opening zip file
2013-09-27 08:09:37,968 [Worker-4] INFO  o.e.m.c.i.i.nexus.NexusIndexManager - Updated local repository index
